

times in msec
 clock   self+sourced   self:  sourced script
 clock   elapsed:              other lines

000.010  000.010: --- NVIM STARTING ---
000.637  000.627: locale set
001.139  000.501: inits 1
001.163  000.024: window checked
001.168  000.005: parsing arguments
001.302  000.134: expanding arguments
001.366  000.064: inits 2
002.239  000.873: init highlight
002.243  000.004: waiting for UI
004.200  001.957: done waiting for UI
004.323  000.123: initialized screen early for UI
011.773  000.582  000.582: sourcing /usr/share/nvim/runtime/syntax/syncolor.vim
012.365  001.255  000.673: sourcing /usr/share/nvim/runtime/syntax/synload.vim
021.005  000.016  000.016: sourcing /home/itscarlosecp/.local/share/nvim/site/pack/packer/start/nvim-treesitter/ftdetect/gdscript.vim
021.038  000.013  000.013: sourcing /home/itscarlosecp/.local/share/nvim/site/pack/packer/start/nvim-treesitter/ftdetect/gomod.vim
021.076  000.023  000.023: sourcing /home/itscarlosecp/.local/share/nvim/site/pack/packer/start/nvim-treesitter/ftdetect/query.vim
021.513  009.086  009.034: sourcing /usr/share/nvim/runtime/filetype.vim
022.500  000.504  000.504: sourcing /usr/share/nvim/runtime/scripts.vim
022.745  011.746  000.901: sourcing /usr/share/nvim/runtime/syntax/syntax.vim
108.820  007.559  007.559: sourcing /home/itscarlosecp/.local/share/nvim/site/pack/packer/start/tokyonight.nvim/colors/tokyonight.vim
108.854  104.334  085.030: sourcing /home/itscarlosecp/.config/nvim/init.lua
108.871  000.214: sourcing vimrc file(s)
108.963  000.051  000.051: sourcing /usr/share/nvim/runtime/ftplugin.vim
109.310  000.045  000.045: sourcing /usr/share/nvim/runtime/indent.vim
111.193  000.369  000.369: sourcing /usr/share/nvim/runtime/plugin/gzip.vim
111.219  000.010  000.010: sourcing /usr/share/nvim/runtime/plugin/health.vim
111.326  000.090  000.090: sourcing /usr/share/nvim/runtime/plugin/man.vim
111.896  000.206  000.206: sourcing /usr/share/nvim/runtime/pack/dist/opt/matchit/plugin/matchit.vim
111.979  000.638  000.432: sourcing /usr/share/nvim/runtime/plugin/matchit.vim
112.148  000.154  000.154: sourcing /usr/share/nvim/runtime/plugin/matchparen.vim
112.680  000.517  000.517: sourcing /usr/share/nvim/runtime/plugin/netrwPlugin.vim
112.872  000.009  000.009: sourcing /home/itscarlosecp/.local/share/nvim/rplugin.vim
112.879  000.168  000.159: sourcing /usr/share/nvim/runtime/plugin/rplugin.vim
112.993  000.101  000.101: sourcing /usr/share/nvim/runtime/plugin/shada.vim
113.042  000.021  000.021: sourcing /usr/share/nvim/runtime/plugin/spellfile.vim
113.196  000.135  000.135: sourcing /usr/share/nvim/runtime/plugin/tarPlugin.vim
113.292  000.075  000.075: sourcing /usr/share/nvim/runtime/plugin/tohtml.vim
113.328  000.017  000.017: sourcing /usr/share/nvim/runtime/plugin/tutor.vim
113.587  000.242  000.242: sourcing /usr/share/nvim/runtime/plugin/zipPlugin.vim
147.734  034.071  034.071: sourcing /home/itscarlosecp/.config/nvim/plugin/packer_compiled.lua
147.940  002.364: loading plugins
148.396  000.258  000.258: sourcing /home/itscarlosecp/.local/share/nvim/site/pack/packer/start/galaxyline.nvim/plugin/galaxyline.vim
148.909  000.360  000.360: sourcing /home/itscarlosecp/.local/share/nvim/site/pack/packer/start/lspsaga.nvim/plugin/lspsaga.vim
149.085  000.042  000.042: sourcing /home/itscarlosecp/.local/share/nvim/site/pack/packer/start/lush.nvim/plugin/lush.vim
149.308  000.086  000.086: sourcing /home/itscarlosecp/.local/share/nvim/site/pack/packer/start/nvim-lspconfig/plugin/lspconfig.vim
149.505  000.055  000.055: sourcing /home/itscarlosecp/.local/share/nvim/site/pack/packer/start/nvim-lspinstall/plugin/lspinstall.vim
149.742  000.116  000.116: sourcing /home/itscarlosecp/.local/share/nvim/site/pack/packer/start/nvim-tree.lua/plugin/tree.vim
150.729  000.871  000.871: sourcing /home/itscarlosecp/.local/share/nvim/site/pack/packer/start/nvim-treesitter/plugin/nvim-treesitter.vim
150.856  000.014  000.014: sourcing /home/itscarlosecp/.local/share/nvim/site/pack/packer/start/nvim-treesitter/ftdetect/gdscript.vim
150.888  000.011  000.011: sourcing /home/itscarlosecp/.local/share/nvim/site/pack/packer/start/nvim-treesitter/ftdetect/gomod.vim
150.952  000.020  000.020: sourcing /home/itscarlosecp/.local/share/nvim/site/pack/packer/start/nvim-treesitter/ftdetect/query.vim
151.068  000.034  000.034: sourcing /home/itscarlosecp/.local/share/nvim/site/pack/packer/start/nvim-web-devicons/plugin/nvim-web-devicons.vim
151.264  000.043  000.043: sourcing /home/itscarlosecp/.local/share/nvim/site/pack/packer/start/plenary.nvim/plugin/plenary.vim
151.854  000.423  000.423: sourcing /home/itscarlosecp/.local/share/nvim/site/pack/packer/start/telescope.nvim/plugin/telescope.vim
152.048  001.776: loading packages
152.258  000.209: loading after plugins
152.270  000.012: inits 3
153.729  001.458: reading ShaDa
154.359  000.139  000.139: sourcing /home/itscarlosecp/.local/share/nvim/site/pack/packer/opt/vim-easy-align/plugin/easy_align.vim
154.642  000.033  000.033: sourcing /home/itscarlosecp/.local/share/nvim/site/pack/packer/opt/nvim-colorizer.lua/plugin/colorizer.vim
158.603  000.536  000.536: sourcing /home/itscarlosecp/.local/share/nvim/site/pack/packer/opt/vim-surround/plugin/surround.vim
158.969  004.532: opening buffers
170.238  011.269: BufEnter autocommands
170.261  000.023: editing files in windows


times in msec
 clock   self+sourced   self:  sourced script
 clock   elapsed:              other lines

000.010  000.010: --- NVIM STARTING ---
000.654  000.644: locale set
001.137  000.482: inits 1
001.164  000.027: window checked
001.169  000.005: parsing arguments
001.322  000.153: expanding arguments
001.384  000.061: inits 2
002.207  000.823: init highlight
002.211  000.004: waiting for UI
003.973  001.762: done waiting for UI
004.035  000.062: initialized screen early for UI
011.037  000.634  000.634: sourcing /usr/share/nvim/runtime/syntax/syncolor.vim
011.581  001.262  000.628: sourcing /usr/share/nvim/runtime/syntax/synload.vim
023.515  000.017  000.017: sourcing /home/itscarlosecp/.local/share/nvim/site/pack/packer/start/nvim-treesitter/ftdetect/gdscript.vim
023.556  000.014  000.014: sourcing /home/itscarlosecp/.local/share/nvim/site/pack/packer/start/nvim-treesitter/ftdetect/gomod.vim
023.599  000.026  000.026: sourcing /home/itscarlosecp/.local/share/nvim/site/pack/packer/start/nvim-treesitter/ftdetect/query.vim
024.162  012.508  012.450: sourcing /usr/share/nvim/runtime/filetype.vim
025.384  000.638  000.638: sourcing /usr/share/nvim/runtime/scripts.vim
025.678  015.460  001.052: sourcing /usr/share/nvim/runtime/syntax/syntax.vim
111.775  007.830  007.830: sourcing /home/itscarlosecp/.local/share/nvim/site/pack/packer/start/tokyonight.nvim/colors/tokyonight.vim
111.806  107.624  084.335: sourcing /home/itscarlosecp/.config/nvim/init.lua
111.820  000.161: sourcing vimrc file(s)
111.918  000.060  000.060: sourcing /usr/share/nvim/runtime/ftplugin.vim
112.167  000.031  000.031: sourcing /usr/share/nvim/runtime/indent.vim
113.752  000.509  000.509: sourcing /usr/share/nvim/runtime/plugin/gzip.vim
113.806  000.014  000.014: sourcing /usr/share/nvim/runtime/plugin/health.vim
113.999  000.156  000.156: sourcing /usr/share/nvim/runtime/plugin/man.vim
114.656  000.259  000.259: sourcing /usr/share/nvim/runtime/pack/dist/opt/matchit/plugin/matchit.vim
114.756  000.718  000.459: sourcing /usr/share/nvim/runtime/plugin/matchit.vim
115.214  000.441  000.441: sourcing /usr/share/nvim/runtime/plugin/matchparen.vim
115.883  000.639  000.639: sourcing /usr/share/nvim/runtime/plugin/netrwPlugin.vim
116.055  000.009  000.009: sourcing /home/itscarlosecp/.local/share/nvim/rplugin.vim
116.062  000.150  000.141: sourcing /usr/share/nvim/runtime/plugin/rplugin.vim
116.181  000.105  000.105: sourcing /usr/share/nvim/runtime/plugin/shada.vim
116.234  000.022  000.022: sourcing /usr/share/nvim/runtime/plugin/spellfile.vim
116.394  000.140  000.140: sourcing /usr/share/nvim/runtime/plugin/tarPlugin.vim
116.498  000.080  000.080: sourcing /usr/share/nvim/runtime/plugin/tohtml.vim
116.533  000.016  000.016: sourcing /usr/share/nvim/runtime/plugin/tutor.vim
116.731  000.175  000.175: sourcing /usr/share/nvim/runtime/plugin/zipPlugin.vim
145.563  028.755  028.755: sourcing /home/itscarlosecp/.config/nvim/plugin/packer_compiled.lua
145.704  001.870: loading plugins
146.226  000.255  000.255: sourcing /home/itscarlosecp/.local/share/nvim/site/pack/packer/start/galaxyline.nvim/plugin/galaxyline.vim
146.723  000.389  000.389: sourcing /home/itscarlosecp/.local/share/nvim/site/pack/packer/start/lspsaga.nvim/plugin/lspsaga.vim
146.980  000.119  000.119: sourcing /home/itscarlosecp/.local/share/nvim/site/pack/packer/start/lush.nvim/plugin/lush.vim
147.254  000.083  000.083: sourcing /home/itscarlosecp/.local/share/nvim/site/pack/packer/start/nvim-lspconfig/plugin/lspconfig.vim
147.401  000.044  000.044: sourcing /home/itscarlosecp/.local/share/nvim/site/pack/packer/start/nvim-lspinstall/plugin/lspinstall.vim
147.603  000.101  000.101: sourcing /home/itscarlosecp/.local/share/nvim/site/pack/packer/start/nvim-tree.lua/plugin/tree.vim
148.776  001.045  001.045: sourcing /home/itscarlosecp/.local/share/nvim/site/pack/packer/start/nvim-treesitter/plugin/nvim-treesitter.vim
148.926  000.018  000.018: sourcing /home/itscarlosecp/.local/share/nvim/site/pack/packer/start/nvim-treesitter/ftdetect/gdscript.vim
148.960  000.012  000.012: sourcing /home/itscarlosecp/.local/share/nvim/site/pack/packer/start/nvim-treesitter/ftdetect/gomod.vim
149.072  000.025  000.025: sourcing /home/itscarlosecp/.local/share/nvim/site/pack/packer/start/nvim-treesitter/ftdetect/query.vim
149.196  000.038  000.038: sourcing /home/itscarlosecp/.local/share/nvim/site/pack/packer/start/nvim-web-devicons/plugin/nvim-web-devicons.vim
149.403  000.046  000.046: sourcing /home/itscarlosecp/.local/share/nvim/site/pack/packer/start/plenary.nvim/plugin/plenary.vim
150.011  000.464  000.464: sourcing /home/itscarlosecp/.local/share/nvim/site/pack/packer/start/telescope.nvim/plugin/telescope.vim
150.213  001.871: loading packages
150.420  000.207: loading after plugins
150.434  000.014: inits 3
152.060  001.625: reading ShaDa
152.789  000.166  000.166: sourcing /home/itscarlosecp/.local/share/nvim/site/pack/packer/opt/vim-easy-align/plugin/easy_align.vim
153.106  000.037  000.037: sourcing /home/itscarlosecp/.local/share/nvim/site/pack/packer/opt/nvim-colorizer.lua/plugin/colorizer.vim
156.410  000.384  000.384: sourcing /home/itscarlosecp/.local/share/nvim/site/pack/packer/opt/vim-surround/plugin/surround.vim
156.668  004.021: opening buffers
168.235  011.567: BufEnter autocommands
168.243  000.008: editing files in windows


times in msec
 clock   self+sourced   self:  sourced script
 clock   elapsed:              other lines

000.009  000.009: --- NVIM STARTING ---
000.660  000.651: locale set
001.155  000.495: inits 1
001.175  000.020: window checked
001.181  000.005: parsing arguments
001.349  000.169: expanding arguments
001.413  000.064: inits 2
002.178  000.764: init highlight
002.180  000.002: waiting for UI
003.987  001.808: done waiting for UI
004.055  000.068: initialized screen early for UI
011.041  000.617  000.617: sourcing /usr/share/nvim/runtime/syntax/syncolor.vim
011.625  001.292  000.675: sourcing /usr/share/nvim/runtime/syntax/synload.vim
022.371  000.018  000.018: sourcing /home/itscarlosecp/.local/share/nvim/site/pack/packer/start/nvim-treesitter/ftdetect/gdscript.vim
022.409  000.014  000.014: sourcing /home/itscarlosecp/.local/share/nvim/site/pack/packer/start/nvim-treesitter/ftdetect/gomod.vim
022.453  000.026  000.026: sourcing /home/itscarlosecp/.local/share/nvim/site/pack/packer/start/nvim-treesitter/ftdetect/query.vim
022.954  011.254  011.196: sourcing /usr/share/nvim/runtime/filetype.vim
024.072  000.591  000.591: sourcing /usr/share/nvim/runtime/scripts.vim
024.395  014.211  001.073: sourcing /usr/share/nvim/runtime/syntax/syntax.vim
109.314  007.338  007.338: sourcing /home/itscarlosecp/.local/share/nvim/site/pack/packer/start/tokyonight.nvim/colors/tokyonight.vim
109.351  105.115  083.566: sourcing /home/itscarlosecp/.config/nvim/init.lua
109.370  000.199: sourcing vimrc file(s)
109.486  000.058  000.058: sourcing /usr/share/nvim/runtime/ftplugin.vim
109.788  000.037  000.037: sourcing /usr/share/nvim/runtime/indent.vim
111.312  000.322  000.322: sourcing /usr/share/nvim/runtime/plugin/gzip.vim
111.345  000.015  000.015: sourcing /usr/share/nvim/runtime/plugin/health.vim
111.469  000.109  000.109: sourcing /usr/share/nvim/runtime/plugin/man.vim
112.041  000.224  000.224: sourcing /usr/share/nvim/runtime/pack/dist/opt/matchit/plugin/matchit.vim
112.124  000.633  000.409: sourcing /usr/share/nvim/runtime/plugin/matchit.vim
112.293  000.155  000.155: sourcing /usr/share/nvim/runtime/plugin/matchparen.vim
112.762  000.454  000.454: sourcing /usr/share/nvim/runtime/plugin/netrwPlugin.vim
112.942  000.010  000.010: sourcing /home/itscarlosecp/.local/share/nvim/rplugin.vim
112.949  000.157  000.147: sourcing /usr/share/nvim/runtime/plugin/rplugin.vim
113.075  000.110  000.110: sourcing /usr/share/nvim/runtime/plugin/shada.vim
113.127  000.022  000.022: sourcing /usr/share/nvim/runtime/plugin/spellfile.vim
113.301  000.150  000.150: sourcing /usr/share/nvim/runtime/plugin/tarPlugin.vim
113.409  000.085  000.085: sourcing /usr/share/nvim/runtime/plugin/tohtml.vim
113.474  000.023  000.023: sourcing /usr/share/nvim/runtime/plugin/tutor.vim
113.682  000.187  000.187: sourcing /usr/share/nvim/runtime/plugin/zipPlugin.vim
146.951  033.190  033.190: sourcing /home/itscarlosecp/.config/nvim/plugin/packer_compiled.lua
147.116  002.040: loading plugins
147.600  000.307  000.307: sourcing /home/itscarlosecp/.local/share/nvim/site/pack/packer/start/galaxyline.nvim/plugin/galaxyline.vim
148.142  000.431  000.431: sourcing /home/itscarlosecp/.local/share/nvim/site/pack/packer/start/lspsaga.nvim/plugin/lspsaga.vim
148.400  000.098  000.098: sourcing /home/itscarlosecp/.local/share/nvim/site/pack/packer/start/lush.nvim/plugin/lush.vim
148.687  000.094  000.094: sourcing /home/itscarlosecp/.local/share/nvim/site/pack/packer/start/nvim-lspconfig/plugin/lspconfig.vim
148.840  000.045  000.045: sourcing /home/itscarlosecp/.local/share/nvim/site/pack/packer/start/nvim-lspinstall/plugin/lspinstall.vim
149.053  000.102  000.102: sourcing /home/itscarlosecp/.local/share/nvim/site/pack/packer/start/nvim-tree.lua/plugin/tree.vim
149.993  000.842  000.842: sourcing /home/itscarlosecp/.local/share/nvim/site/pack/packer/start/nvim-treesitter/plugin/nvim-treesitter.vim
150.140  000.012  000.012: sourcing /home/itscarlosecp/.local/share/nvim/site/pack/packer/start/nvim-treesitter/ftdetect/gdscript.vim
150.169  000.011  000.011: sourcing /home/itscarlosecp/.local/share/nvim/site/pack/packer/start/nvim-treesitter/ftdetect/gomod.vim
150.246  000.034  000.034: sourcing /home/itscarlosecp/.local/share/nvim/site/pack/packer/start/nvim-treesitter/ftdetect/query.vim
150.355  000.035  000.035: sourcing /home/itscarlosecp/.local/share/nvim/site/pack/packer/start/nvim-web-devicons/plugin/nvim-web-devicons.vim
150.617  000.038  000.038: sourcing /home/itscarlosecp/.local/share/nvim/site/pack/packer/start/plenary.nvim/plugin/plenary.vim
151.080  000.333  000.333: sourcing /home/itscarlosecp/.local/share/nvim/site/pack/packer/start/telescope.nvim/plugin/telescope.vim
151.249  001.751: loading packages
151.495  000.246: loading after plugins
151.525  000.030: inits 3
152.933  001.408: reading ShaDa
153.666  000.179  000.179: sourcing /home/itscarlosecp/.local/share/nvim/site/pack/packer/opt/vim-easy-align/plugin/easy_align.vim
153.926  000.034  000.034: sourcing /home/itscarlosecp/.local/share/nvim/site/pack/packer/opt/nvim-colorizer.lua/plugin/colorizer.vim
158.177  000.472  000.472: sourcing /home/itscarlosecp/.local/share/nvim/site/pack/packer/opt/vim-surround/plugin/surround.vim
158.572  004.953: opening buffers
168.307  009.735: BufEnter autocommands
168.313  000.006: editing files in windows


times in msec
 clock   self+sourced   self:  sourced script
 clock   elapsed:              other lines

000.006  000.006: --- NVIM STARTING ---
000.709  000.703: locale set
001.152  000.443: inits 1
001.178  000.026: window checked
001.184  000.005: parsing arguments
001.361  000.178: expanding arguments
001.425  000.064: inits 2
002.207  000.782: init highlight
002.209  000.002: waiting for UI
003.986  001.777: done waiting for UI
004.025  000.039: initialized screen early for UI
011.072  000.618  000.618: sourcing /usr/share/nvim/runtime/syntax/syncolor.vim
011.655  001.304  000.685: sourcing /usr/share/nvim/runtime/syntax/synload.vim
022.841  000.022  000.022: sourcing /home/itscarlosecp/.local/share/nvim/site/pack/packer/start/nvim-treesitter/ftdetect/gdscript.vim
022.890  000.017  000.017: sourcing /home/itscarlosecp/.local/share/nvim/site/pack/packer/start/nvim-treesitter/ftdetect/gomod.vim
022.942  000.032  000.032: sourcing /home/itscarlosecp/.local/share/nvim/site/pack/packer/start/nvim-treesitter/ftdetect/query.vim
023.578  011.849  011.778: sourcing /usr/share/nvim/runtime/filetype.vim
025.002  000.709  000.709: sourcing /usr/share/nvim/runtime/scripts.vim
025.321  015.102  001.241: sourcing /usr/share/nvim/runtime/syntax/syntax.vim
119.768  007.956  007.956: sourcing /home/itscarlosecp/.local/share/nvim/site/pack/packer/start/tokyonight.nvim/colors/tokyonight.vim
119.796  115.623  092.564: sourcing /home/itscarlosecp/.config/nvim/init.lua
119.810  000.162: sourcing vimrc file(s)
119.889  000.043  000.043: sourcing /usr/share/nvim/runtime/ftplugin.vim
120.231  000.068  000.068: sourcing /usr/share/nvim/runtime/indent.vim
122.031  000.553  000.553: sourcing /usr/share/nvim/runtime/plugin/gzip.vim
122.069  000.014  000.014: sourcing /usr/share/nvim/runtime/plugin/health.vim
122.201  000.118  000.118: sourcing /usr/share/nvim/runtime/plugin/man.vim
122.829  000.254  000.254: sourcing /usr/share/nvim/runtime/pack/dist/opt/matchit/plugin/matchit.vim
122.924  000.704  000.451: sourcing /usr/share/nvim/runtime/plugin/matchit.vim
123.231  000.291  000.291: sourcing /usr/share/nvim/runtime/plugin/matchparen.vim
123.743  000.491  000.491: sourcing /usr/share/nvim/runtime/plugin/netrwPlugin.vim
123.938  000.011  000.011: sourcing /home/itscarlosecp/.local/share/nvim/rplugin.vim
123.946  000.172  000.160: sourcing /usr/share/nvim/runtime/plugin/rplugin.vim
124.117  000.134  000.134: sourcing /usr/share/nvim/runtime/plugin/shada.vim
124.180  000.026  000.026: sourcing /usr/share/nvim/runtime/plugin/spellfile.vim
124.372  000.167  000.167: sourcing /usr/share/nvim/runtime/plugin/tarPlugin.vim
124.495  000.096  000.096: sourcing /usr/share/nvim/runtime/plugin/tohtml.vim
124.538  000.020  000.020: sourcing /usr/share/nvim/runtime/plugin/tutor.vim
124.765  000.205  000.205: sourcing /usr/share/nvim/runtime/plugin/zipPlugin.vim
152.583  027.727  027.727: sourcing /home/itscarlosecp/.config/nvim/plugin/packer_compiled.lua
152.782  002.141: loading plugins
153.352  000.250  000.250: sourcing /home/itscarlosecp/.local/share/nvim/site/pack/packer/start/galaxyline.nvim/plugin/galaxyline.vim
153.786  000.339  000.339: sourcing /home/itscarlosecp/.local/share/nvim/site/pack/packer/start/lspsaga.nvim/plugin/lspsaga.vim
154.047  000.055  000.055: sourcing /home/itscarlosecp/.local/share/nvim/site/pack/packer/start/lush.nvim/plugin/lush.vim
154.238  000.079  000.079: sourcing /home/itscarlosecp/.local/share/nvim/site/pack/packer/start/nvim-lspconfig/plugin/lspconfig.vim
154.397  000.047  000.047: sourcing /home/itscarlosecp/.local/share/nvim/site/pack/packer/start/nvim-lspinstall/plugin/lspinstall.vim
154.623  000.117  000.117: sourcing /home/itscarlosecp/.local/share/nvim/site/pack/packer/start/nvim-tree.lua/plugin/tree.vim
155.850  000.838  000.838: sourcing /home/itscarlosecp/.local/share/nvim/site/pack/packer/start/nvim-treesitter/plugin/nvim-treesitter.vim
156.060  000.020  000.020: sourcing /home/itscarlosecp/.local/share/nvim/site/pack/packer/start/nvim-treesitter/ftdetect/gdscript.vim
156.115  000.014  000.014: sourcing /home/itscarlosecp/.local/share/nvim/site/pack/packer/start/nvim-treesitter/ftdetect/gomod.vim
156.203  000.041  000.041: sourcing /home/itscarlosecp/.local/share/nvim/site/pack/packer/start/nvim-treesitter/ftdetect/query.vim
156.331  000.035  000.035: sourcing /home/itscarlosecp/.local/share/nvim/site/pack/packer/start/nvim-web-devicons/plugin/nvim-web-devicons.vim
156.533  000.047  000.047: sourcing /home/itscarlosecp/.local/share/nvim/site/pack/packer/start/plenary.nvim/plugin/plenary.vim
157.159  000.433  000.433: sourcing /home/itscarlosecp/.local/share/nvim/site/pack/packer/start/telescope.nvim/plugin/telescope.vim
157.342  002.245: loading packages
157.524  000.182: loading after plugins
157.536  000.012: inits 3
159.227  001.691: reading ShaDa
160.011  000.159  000.159: sourcing /home/itscarlosecp/.local/share/nvim/site/pack/packer/opt/vim-easy-align/plugin/easy_align.vim
160.272  000.033  000.033: sourcing /home/itscarlosecp/.local/share/nvim/site/pack/packer/opt/nvim-colorizer.lua/plugin/colorizer.vim
163.832  000.427  000.427: sourcing /home/itscarlosecp/.local/share/nvim/site/pack/packer/opt/vim-surround/plugin/surround.vim
164.133  004.288: opening buffers
178.069  013.937: BufEnter autocommands
178.076  000.007: editing files in windows


times in msec
 clock   self+sourced   self:  sourced script
 clock   elapsed:              other lines

000.015  000.015: --- NVIM STARTING ---
000.676  000.661: locale set
001.122  000.446: inits 1
001.149  000.027: window checked
001.155  000.005: parsing arguments
001.302  000.147: expanding arguments
001.360  000.058: inits 2
002.285  000.925: init highlight
002.289  000.005: waiting for UI
004.038  001.748: done waiting for UI
004.100  000.062: initialized screen early for UI
010.964  000.561  000.561: sourcing /usr/share/nvim/runtime/syntax/syncolor.vim
011.415  001.097  000.536: sourcing /usr/share/nvim/runtime/syntax/synload.vim
021.001  000.018  000.018: sourcing /home/itscarlosecp/.local/share/nvim/site/pack/packer/start/nvim-treesitter/ftdetect/gdscript.vim
021.041  000.015  000.015: sourcing /home/itscarlosecp/.local/share/nvim/site/pack/packer/start/nvim-treesitter/ftdetect/gomod.vim
021.085  000.026  000.026: sourcing /home/itscarlosecp/.local/share/nvim/site/pack/packer/start/nvim-treesitter/ftdetect/query.vim
021.584  010.109  010.050: sourcing /usr/share/nvim/runtime/filetype.vim
022.862  000.632  000.632: sourcing /usr/share/nvim/runtime/scripts.vim
023.150  012.931  001.094: sourcing /usr/share/nvim/runtime/syntax/syntax.vim
099.312  005.898  005.898: sourcing /home/itscarlosecp/.local/share/nvim/site/pack/packer/start/tokyonight.nvim/colors/tokyonight.vim
099.334  095.085  076.255: sourcing /home/itscarlosecp/.config/nvim/init.lua
099.345  000.160: sourcing vimrc file(s)
099.412  000.040  000.040: sourcing /usr/share/nvim/runtime/ftplugin.vim
099.683  000.028  000.028: sourcing /usr/share/nvim/runtime/indent.vim
100.952  000.321  000.321: sourcing /usr/share/nvim/runtime/plugin/gzip.vim
100.978  000.011  000.011: sourcing /usr/share/nvim/runtime/plugin/health.vim
101.064  000.076  000.076: sourcing /usr/share/nvim/runtime/plugin/man.vim
101.661  000.213  000.213: sourcing /usr/share/nvim/runtime/pack/dist/opt/matchit/plugin/matchit.vim
101.741  000.662  000.450: sourcing /usr/share/nvim/runtime/plugin/matchit.vim
101.898  000.142  000.142: sourcing /usr/share/nvim/runtime/plugin/matchparen.vim
102.371  000.459  000.459: sourcing /usr/share/nvim/runtime/plugin/netrwPlugin.vim
102.528  000.009  000.009: sourcing /home/itscarlosecp/.local/share/nvim/rplugin.vim
102.534  000.135  000.126: sourcing /usr/share/nvim/runtime/plugin/rplugin.vim
102.697  000.149  000.149: sourcing /usr/share/nvim/runtime/plugin/shada.vim
102.752  000.023  000.023: sourcing /usr/share/nvim/runtime/plugin/spellfile.vim
102.910  000.138  000.138: sourcing /usr/share/nvim/runtime/plugin/tarPlugin.vim
103.011  000.080  000.080: sourcing /usr/share/nvim/runtime/plugin/tohtml.vim
103.050  000.016  000.016: sourcing /usr/share/nvim/runtime/plugin/tutor.vim
103.236  000.169  000.169: sourcing /usr/share/nvim/runtime/plugin/zipPlugin.vim
141.786  038.475  038.475: sourcing /home/itscarlosecp/.config/nvim/plugin/packer_compiled.lua
142.016  001.747: loading plugins
142.510  000.281  000.281: sourcing /home/itscarlosecp/.local/share/nvim/site/pack/packer/start/galaxyline.nvim/plugin/galaxyline.vim
143.149  000.422  000.422: sourcing /home/itscarlosecp/.local/share/nvim/site/pack/packer/start/lspsaga.nvim/plugin/lspsaga.vim
143.381  000.068  000.068: sourcing /home/itscarlosecp/.local/share/nvim/site/pack/packer/start/lush.nvim/plugin/lush.vim
143.697  000.132  000.132: sourcing /home/itscarlosecp/.local/share/nvim/site/pack/packer/start/nvim-lspconfig/plugin/lspconfig.vim
143.870  000.051  000.051: sourcing /home/itscarlosecp/.local/share/nvim/site/pack/packer/start/nvim-lspinstall/plugin/lspinstall.vim
144.192  000.157  000.157: sourcing /home/itscarlosecp/.local/share/nvim/site/pack/packer/start/nvim-tree.lua/plugin/tree.vim
145.316  001.000  001.000: sourcing /home/itscarlosecp/.local/share/nvim/site/pack/packer/start/nvim-treesitter/plugin/nvim-treesitter.vim
145.453  000.015  000.015: sourcing /home/itscarlosecp/.local/share/nvim/site/pack/packer/start/nvim-treesitter/ftdetect/gdscript.vim
145.489  000.015  000.015: sourcing /home/itscarlosecp/.local/share/nvim/site/pack/packer/start/nvim-treesitter/ftdetect/gomod.vim
145.561  000.019  000.019: sourcing /home/itscarlosecp/.local/share/nvim/site/pack/packer/start/nvim-treesitter/ftdetect/query.vim
145.695  000.034  000.034: sourcing /home/itscarlosecp/.local/share/nvim/site/pack/packer/start/nvim-web-devicons/plugin/nvim-web-devicons.vim
145.877  000.040  000.040: sourcing /home/itscarlosecp/.local/share/nvim/site/pack/packer/start/plenary.nvim/plugin/plenary.vim
146.377  000.358  000.358: sourcing /home/itscarlosecp/.local/share/nvim/site/pack/packer/start/telescope.nvim/plugin/telescope.vim
146.553  001.945: loading packages
146.769  000.216: loading after plugins
146.783  000.013: inits 3
148.181  001.398: reading ShaDa
148.852  000.147  000.147: sourcing /home/itscarlosecp/.local/share/nvim/site/pack/packer/opt/vim-easy-align/plugin/easy_align.vim
149.121  000.033  000.033: sourcing /home/itscarlosecp/.local/share/nvim/site/pack/packer/opt/nvim-colorizer.lua/plugin/colorizer.vim
152.956  000.557  000.557: sourcing /home/itscarlosecp/.local/share/nvim/site/pack/packer/opt/vim-surround/plugin/surround.vim
153.238  004.321: opening buffers
162.835  009.596: BufEnter autocommands
162.839  000.004: editing files in windows


times in msec
 clock   self+sourced   self:  sourced script
 clock   elapsed:              other lines

000.009  000.009: --- NVIM STARTING ---
000.788  000.779: locale set
001.267  000.479: inits 1
001.296  000.029: window checked
001.302  000.006: parsing arguments
001.448  000.145: expanding arguments
001.512  000.064: inits 2
002.296  000.784: init highlight
002.300  000.004: waiting for UI
004.132  001.832: done waiting for UI
004.293  000.160: initialized screen early for UI
011.107  000.624  000.624: sourcing /usr/share/nvim/runtime/syntax/syncolor.vim
011.684  001.286  000.662: sourcing /usr/share/nvim/runtime/syntax/synload.vim
020.825  000.018  000.018: sourcing /home/itscarlosecp/.local/share/nvim/site/pack/packer/start/nvim-treesitter/ftdetect/gdscript.vim
020.867  000.015  000.015: sourcing /home/itscarlosecp/.local/share/nvim/site/pack/packer/start/nvim-treesitter/ftdetect/gomod.vim
020.915  000.030  000.030: sourcing /home/itscarlosecp/.local/share/nvim/site/pack/packer/start/nvim-treesitter/ftdetect/query.vim
021.482  009.723  009.660: sourcing /usr/share/nvim/runtime/filetype.vim
022.735  000.551  000.551: sourcing /usr/share/nvim/runtime/scripts.vim
022.985  012.688  001.127: sourcing /usr/share/nvim/runtime/syntax/syntax.vim
101.997  005.618  005.618: sourcing /home/itscarlosecp/.local/share/nvim/site/pack/packer/start/tokyonight.nvim/colors/tokyonight.vim
102.022  097.514  079.208: sourcing /home/itscarlosecp/.config/nvim/init.lua
102.034  000.227: sourcing vimrc file(s)
102.111  000.043  000.043: sourcing /usr/share/nvim/runtime/ftplugin.vim
102.399  000.034  000.034: sourcing /usr/share/nvim/runtime/indent.vim
103.567  000.257  000.257: sourcing /usr/share/nvim/runtime/plugin/gzip.vim
103.591  000.009  000.009: sourcing /usr/share/nvim/runtime/plugin/health.vim
103.672  000.068  000.068: sourcing /usr/share/nvim/runtime/plugin/man.vim
104.110  000.177  000.177: sourcing /usr/share/nvim/runtime/pack/dist/opt/matchit/plugin/matchit.vim
104.180  000.495  000.318: sourcing /usr/share/nvim/runtime/plugin/matchit.vim
104.361  000.168  000.168: sourcing /usr/share/nvim/runtime/plugin/matchparen.vim
104.751  000.375  000.375: sourcing /usr/share/nvim/runtime/plugin/netrwPlugin.vim
104.892  000.008  000.008: sourcing /home/itscarlosecp/.local/share/nvim/rplugin.vim
104.898  000.124  000.116: sourcing /usr/share/nvim/runtime/plugin/rplugin.vim
104.999  000.089  000.089: sourcing /usr/share/nvim/runtime/plugin/shada.vim
105.041  000.018  000.018: sourcing /usr/share/nvim/runtime/plugin/spellfile.vim
105.177  000.120  000.120: sourcing /usr/share/nvim/runtime/plugin/tarPlugin.vim
105.268  000.071  000.071: sourcing /usr/share/nvim/runtime/plugin/tohtml.vim
105.299  000.014  000.014: sourcing /usr/share/nvim/runtime/plugin/tutor.vim
105.503  000.181  000.181: sourcing /usr/share/nvim/runtime/plugin/zipPlugin.vim
136.370  030.798  030.798: sourcing /home/itscarlosecp/.config/nvim/plugin/packer_compiled.lua
136.597  001.699: loading plugins
137.101  000.272  000.272: sourcing /home/itscarlosecp/.local/share/nvim/site/pack/packer/start/galaxyline.nvim/plugin/galaxyline.vim
137.757  000.531  000.531: sourcing /home/itscarlosecp/.local/share/nvim/site/pack/packer/start/lspsaga.nvim/plugin/lspsaga.vim
137.958  000.046  000.046: sourcing /home/itscarlosecp/.local/share/nvim/site/pack/packer/start/lush.nvim/plugin/lush.vim
138.182  000.099  000.099: sourcing /home/itscarlosecp/.local/share/nvim/site/pack/packer/start/nvim-lspconfig/plugin/lspconfig.vim
138.382  000.082  000.082: sourcing /home/itscarlosecp/.local/share/nvim/site/pack/packer/start/nvim-lspinstall/plugin/lspinstall.vim
138.635  000.121  000.121: sourcing /home/itscarlosecp/.local/share/nvim/site/pack/packer/start/nvim-tree.lua/plugin/tree.vim
139.705  000.941  000.941: sourcing /home/itscarlosecp/.local/share/nvim/site/pack/packer/start/nvim-treesitter/plugin/nvim-treesitter.vim
139.845  000.015  000.015: sourcing /home/itscarlosecp/.local/share/nvim/site/pack/packer/start/nvim-treesitter/ftdetect/gdscript.vim
139.879  000.013  000.013: sourcing /home/itscarlosecp/.local/share/nvim/site/pack/packer/start/nvim-treesitter/ftdetect/gomod.vim
139.944  000.021  000.021: sourcing /home/itscarlosecp/.local/share/nvim/site/pack/packer/start/nvim-treesitter/ftdetect/query.vim
140.113  000.048  000.048: sourcing /home/itscarlosecp/.local/share/nvim/site/pack/packer/start/nvim-web-devicons/plugin/nvim-web-devicons.vim
140.457  000.133  000.133: sourcing /home/itscarlosecp/.local/share/nvim/site/pack/packer/start/plenary.nvim/plugin/plenary.vim
141.121  000.406  000.406: sourcing /home/itscarlosecp/.local/share/nvim/site/pack/packer/start/telescope.nvim/plugin/telescope.vim
141.316  001.990: loading packages
141.561  000.245: loading after plugins
141.576  000.014: inits 3
142.996  001.421: reading ShaDa
143.671  000.143  000.143: sourcing /home/itscarlosecp/.local/share/nvim/site/pack/packer/opt/vim-easy-align/plugin/easy_align.vim
143.931  000.033  000.033: sourcing /home/itscarlosecp/.local/share/nvim/site/pack/packer/opt/nvim-colorizer.lua/plugin/colorizer.vim
149.051  000.524  000.524: sourcing /home/itscarlosecp/.local/share/nvim/site/pack/packer/opt/vim-surround/plugin/surround.vim
149.458  005.762: opening buffers
160.858  011.400: BufEnter autocommands
160.864  000.006: editing files in windows


times in msec
 clock   self+sourced   self:  sourced script
 clock   elapsed:              other lines

000.007  000.007: --- NVIM STARTING ---
000.477  000.469: locale set
000.747  000.270: inits 1
000.762  000.015: window checked
000.765  000.003: parsing arguments
000.859  000.093: expanding arguments
000.895  000.036: inits 2
001.368  000.473: init highlight
001.370  000.002: waiting for UI
002.644  001.274: done waiting for UI
002.729  000.085: initialized screen early for UI
007.667  000.499  000.499: sourcing /usr/share/nvim/runtime/syntax/syncolor.vim
008.048  000.957  000.458: sourcing /usr/share/nvim/runtime/syntax/synload.vim
015.572  000.015  000.015: sourcing /home/itscarlosecp/.local/share/nvim/site/pack/packer/start/nvim-treesitter/ftdetect/gdscript.vim
015.605  000.013  000.013: sourcing /home/itscarlosecp/.local/share/nvim/site/pack/packer/start/nvim-treesitter/ftdetect/gomod.vim
015.642  000.022  000.022: sourcing /home/itscarlosecp/.local/share/nvim/site/pack/packer/start/nvim-treesitter/ftdetect/query.vim
016.124  007.987  007.937: sourcing /usr/share/nvim/runtime/filetype.vim
016.998  000.470  000.470: sourcing /usr/share/nvim/runtime/scripts.vim
017.287  010.309  000.896: sourcing /usr/share/nvim/runtime/syntax/syntax.vim
095.309  005.875  005.875: sourcing /home/itscarlosecp/.local/share/nvim/site/pack/packer/start/tokyonight.nvim/colors/tokyonight.vim
095.353  092.463  076.278: sourcing /home/itscarlosecp/.config/nvim/init.lua
095.385  000.194: sourcing vimrc file(s)
095.536  000.062  000.062: sourcing /usr/share/nvim/runtime/ftplugin.vim
096.253  000.064  000.064: sourcing /usr/share/nvim/runtime/indent.vim
098.643  000.427  000.427: sourcing /usr/share/nvim/runtime/plugin/gzip.vim
098.678  000.012  000.012: sourcing /usr/share/nvim/runtime/plugin/health.vim
098.825  000.129  000.129: sourcing /usr/share/nvim/runtime/plugin/man.vim
099.426  000.234  000.234: sourcing /usr/share/nvim/runtime/pack/dist/opt/matchit/plugin/matchit.vim
099.548  000.706  000.472: sourcing /usr/share/nvim/runtime/plugin/matchit.vim
099.751  000.184  000.184: sourcing /usr/share/nvim/runtime/plugin/matchparen.vim
100.264  000.495  000.495: sourcing /usr/share/nvim/runtime/plugin/netrwPlugin.vim
100.456  000.011  000.011: sourcing /home/itscarlosecp/.local/share/nvim/rplugin.vim
100.485  000.189  000.178: sourcing /usr/share/nvim/runtime/plugin/rplugin.vim
100.639  000.130  000.130: sourcing /usr/share/nvim/runtime/plugin/shada.vim
100.721  000.047  000.047: sourcing /usr/share/nvim/runtime/plugin/spellfile.vim
100.912  000.151  000.151: sourcing /usr/share/nvim/runtime/plugin/tarPlugin.vim
101.021  000.085  000.085: sourcing /usr/share/nvim/runtime/plugin/tohtml.vim
101.060  000.017  000.017: sourcing /usr/share/nvim/runtime/plugin/tutor.vim
101.261  000.182  000.182: sourcing /usr/share/nvim/runtime/plugin/zipPlugin.vim
133.622  032.282  032.282: sourcing /home/itscarlosecp/.config/nvim/plugin/packer_compiled.lua
133.791  003.242: loading plugins
134.192  000.188  000.188: sourcing /home/itscarlosecp/.local/share/nvim/site/pack/packer/start/galaxyline.nvim/plugin/galaxyline.vim
134.603  000.303  000.303: sourcing /home/itscarlosecp/.local/share/nvim/site/pack/packer/start/lspsaga.nvim/plugin/lspsaga.vim
134.754  000.036  000.036: sourcing /home/itscarlosecp/.local/share/nvim/site/pack/packer/start/lush.nvim/plugin/lush.vim
134.925  000.068  000.068: sourcing /home/itscarlosecp/.local/share/nvim/site/pack/packer/start/nvim-lspconfig/plugin/lspconfig.vim
135.066  000.042  000.042: sourcing /home/itscarlosecp/.local/share/nvim/site/pack/packer/start/nvim-lspinstall/plugin/lspinstall.vim
135.260  000.097  000.097: sourcing /home/itscarlosecp/.local/share/nvim/site/pack/packer/start/nvim-tree.lua/plugin/tree.vim
136.059  000.701  000.701: sourcing /home/itscarlosecp/.local/share/nvim/site/pack/packer/start/nvim-treesitter/plugin/nvim-treesitter.vim
136.183  000.011  000.011: sourcing /home/itscarlosecp/.local/share/nvim/site/pack/packer/start/nvim-treesitter/ftdetect/gdscript.vim
136.208  000.009  000.009: sourcing /home/itscarlosecp/.local/share/nvim/site/pack/packer/start/nvim-treesitter/ftdetect/gomod.vim
136.257  000.016  000.016: sourcing /home/itscarlosecp/.local/share/nvim/site/pack/packer/start/nvim-treesitter/ftdetect/query.vim
136.348  000.027  000.027: sourcing /home/itscarlosecp/.local/share/nvim/site/pack/packer/start/nvim-web-devicons/plugin/nvim-web-devicons.vim
136.594  000.064  000.064: sourcing /home/itscarlosecp/.local/share/nvim/site/pack/packer/start/plenary.nvim/plugin/plenary.vim
137.524  000.694  000.694: sourcing /home/itscarlosecp/.local/share/nvim/site/pack/packer/start/telescope.nvim/plugin/telescope.vim
137.781  001.734: loading packages
138.067  000.286: loading after plugins
138.079  000.012: inits 3
139.552  001.473: reading ShaDa
140.149  000.128  000.128: sourcing /home/itscarlosecp/.local/share/nvim/site/pack/packer/opt/vim-easy-align/plugin/easy_align.vim
140.373  000.028  000.028: sourcing /home/itscarlosecp/.local/share/nvim/site/pack/packer/opt/nvim-colorizer.lua/plugin/colorizer.vim
143.836  000.352  000.352: sourcing /home/itscarlosecp/.local/share/nvim/site/pack/packer/opt/vim-surround/plugin/surround.vim
144.065  004.004: opening buffers
155.771  011.706: BufEnter autocommands
155.783  000.012: editing files in windows


times in msec
 clock   self+sourced   self:  sourced script
 clock   elapsed:              other lines

000.009  000.009: --- NVIM STARTING ---
000.672  000.663: locale set
001.155  000.483: inits 1
001.183  000.028: window checked
001.189  000.005: parsing arguments
001.323  000.134: expanding arguments
001.385  000.061: inits 2
002.200  000.815: init highlight
002.204  000.004: waiting for UI
003.972  001.768: done waiting for UI
004.058  000.085: initialized screen early for UI
012.879  000.673  000.673: sourcing /usr/share/nvim/runtime/syntax/syncolor.vim
013.467  001.365  000.692: sourcing /usr/share/nvim/runtime/syntax/synload.vim
023.585  000.017  000.017: sourcing /home/itscarlosecp/.local/share/nvim/site/pack/packer/start/nvim-treesitter/ftdetect/gdscript.vim
023.623  000.014  000.014: sourcing /home/itscarlosecp/.local/share/nvim/site/pack/packer/start/nvim-treesitter/ftdetect/gomod.vim
023.665  000.025  000.025: sourcing /home/itscarlosecp/.local/share/nvim/site/pack/packer/start/nvim-treesitter/ftdetect/query.vim
024.227  010.644  010.588: sourcing /usr/share/nvim/runtime/filetype.vim
025.402  000.619  000.619: sourcing /usr/share/nvim/runtime/scripts.vim
025.690  013.727  001.099: sourcing /usr/share/nvim/runtime/syntax/syntax.vim
109.761  007.573  007.573: sourcing /home/itscarlosecp/.local/share/nvim/site/pack/packer/start/tokyonight.nvim/colors/tokyonight.vim
109.823  105.614  084.313: sourcing /home/itscarlosecp/.config/nvim/init.lua
109.849  000.177: sourcing vimrc file(s)
109.978  000.081  000.081: sourcing /usr/share/nvim/runtime/ftplugin.vim
110.360  000.045  000.045: sourcing /usr/share/nvim/runtime/indent.vim
111.872  000.290  000.290: sourcing /usr/share/nvim/runtime/plugin/gzip.vim
111.896  000.010  000.010: sourcing /usr/share/nvim/runtime/plugin/health.vim
111.976  000.068  000.068: sourcing /usr/share/nvim/runtime/plugin/man.vim
112.493  000.178  000.178: sourcing /usr/share/nvim/runtime/pack/dist/opt/matchit/plugin/matchit.vim
112.568  000.579  000.401: sourcing /usr/share/nvim/runtime/plugin/matchit.vim
112.715  000.134  000.134: sourcing /usr/share/nvim/runtime/plugin/matchparen.vim
113.102  000.374  000.374: sourcing /usr/share/nvim/runtime/plugin/netrwPlugin.vim
113.373  000.013  000.013: sourcing /home/itscarlosecp/.local/share/nvim/rplugin.vim
113.382  000.256  000.243: sourcing /usr/share/nvim/runtime/plugin/rplugin.vim
113.541  000.139  000.139: sourcing /usr/share/nvim/runtime/plugin/shada.vim
113.620  000.035  000.035: sourcing /usr/share/nvim/runtime/plugin/spellfile.vim
113.785  000.145  000.145: sourcing /usr/share/nvim/runtime/plugin/tarPlugin.vim
113.876  000.071  000.071: sourcing /usr/share/nvim/runtime/plugin/tohtml.vim
113.908  000.014  000.014: sourcing /usr/share/nvim/runtime/plugin/tutor.vim
114.076  000.153  000.153: sourcing /usr/share/nvim/runtime/plugin/zipPlugin.vim
144.376  030.233  030.233: sourcing /home/itscarlosecp/.config/nvim/plugin/packer_compiled.lua
144.544  002.066: loading plugins
144.949  000.232  000.232: sourcing /home/itscarlosecp/.local/share/nvim/site/pack/packer/start/galaxyline.nvim/plugin/galaxyline.vim
145.483  000.425  000.425: sourcing /home/itscarlosecp/.local/share/nvim/site/pack/packer/start/lspsaga.nvim/plugin/lspsaga.vim
145.710  000.048  000.048: sourcing /home/itscarlosecp/.local/share/nvim/site/pack/packer/start/lush.nvim/plugin/lush.vim
145.908  000.074  000.074: sourcing /home/itscarlosecp/.local/share/nvim/site/pack/packer/start/nvim-lspconfig/plugin/lspconfig.vim
146.053  000.043  000.043: sourcing /home/itscarlosecp/.local/share/nvim/site/pack/packer/start/nvim-lspinstall/plugin/lspinstall.vim
146.331  000.155  000.155: sourcing /home/itscarlosecp/.local/share/nvim/site/pack/packer/start/nvim-tree.lua/plugin/tree.vim
147.284  000.847  000.847: sourcing /home/itscarlosecp/.local/share/nvim/site/pack/packer/start/nvim-treesitter/plugin/nvim-treesitter.vim
147.426  000.013  000.013: sourcing /home/itscarlosecp/.local/share/nvim/site/pack/packer/start/nvim-treesitter/ftdetect/gdscript.vim
147.455  000.011  000.011: sourcing /home/itscarlosecp/.local/share/nvim/site/pack/packer/start/nvim-treesitter/ftdetect/gomod.vim
147.510  000.018  000.018: sourcing /home/itscarlosecp/.local/share/nvim/site/pack/packer/start/nvim-treesitter/ftdetect/query.vim
147.613  000.030  000.030: sourcing /home/itscarlosecp/.local/share/nvim/site/pack/packer/start/nvim-web-devicons/plugin/nvim-web-devicons.vim
147.782  000.038  000.038: sourcing /home/itscarlosecp/.local/share/nvim/site/pack/packer/start/plenary.nvim/plugin/plenary.vim
148.323  000.408  000.408: sourcing /home/itscarlosecp/.local/share/nvim/site/pack/packer/start/telescope.nvim/plugin/telescope.vim
148.499  001.614: loading packages
148.684  000.185: loading after plugins
148.696  000.012: inits 3
150.243  001.547: reading ShaDa
150.826  000.128  000.128: sourcing /home/itscarlosecp/.local/share/nvim/site/pack/packer/opt/vim-easy-align/plugin/easy_align.vim
151.060  000.029  000.029: sourcing /home/itscarlosecp/.local/share/nvim/site/pack/packer/opt/nvim-colorizer.lua/plugin/colorizer.vim
154.419  000.478  000.478: sourcing /home/itscarlosecp/.local/share/nvim/site/pack/packer/opt/vim-surround/plugin/surround.vim
154.873  003.994: opening buffers
165.093  010.220: BufEnter autocommands
165.098  000.006: editing files in windows


times in msec
 clock   self+sourced   self:  sourced script
 clock   elapsed:              other lines

000.010  000.010: --- NVIM STARTING ---
000.678  000.668: locale set
001.162  000.484: inits 1
001.190  000.029: window checked
001.196  000.006: parsing arguments
001.337  000.141: expanding arguments
001.399  000.062: inits 2
002.209  000.810: init highlight
002.213  000.004: waiting for UI
004.206  001.993: done waiting for UI
004.277  000.071: initialized screen early for UI
011.775  001.015  001.015: sourcing /usr/share/nvim/runtime/syntax/syncolor.vim
012.377  001.712  000.697: sourcing /usr/share/nvim/runtime/syntax/synload.vim
023.449  000.021  000.021: sourcing /home/itscarlosecp/.local/share/nvim/site/pack/packer/start/nvim-treesitter/ftdetect/gdscript.vim
023.493  000.017  000.017: sourcing /home/itscarlosecp/.local/share/nvim/site/pack/packer/start/nvim-treesitter/ftdetect/gomod.vim
023.542  000.030  000.030: sourcing /home/itscarlosecp/.local/share/nvim/site/pack/packer/start/nvim-treesitter/ftdetect/query.vim
024.311  011.855  011.788: sourcing /usr/share/nvim/runtime/filetype.vim
025.621  000.628  000.628: sourcing /usr/share/nvim/runtime/scripts.vim
025.927  015.374  001.178: sourcing /usr/share/nvim/runtime/syntax/syntax.vim
114.130  008.575  008.575: sourcing /home/itscarlosecp/.local/share/nvim/site/pack/packer/start/tokyonight.nvim/colors/tokyonight.vim
114.162  109.733  085.784: sourcing /home/itscarlosecp/.config/nvim/init.lua
114.178  000.168: sourcing vimrc file(s)
114.260  000.045  000.045: sourcing /usr/share/nvim/runtime/ftplugin.vim
114.531  000.052  000.052: sourcing /usr/share/nvim/runtime/indent.vim
115.778  000.265  000.265: sourcing /usr/share/nvim/runtime/plugin/gzip.vim
115.806  000.011  000.011: sourcing /usr/share/nvim/runtime/plugin/health.vim
115.886  000.069  000.069: sourcing /usr/share/nvim/runtime/plugin/man.vim
116.427  000.245  000.245: sourcing /usr/share/nvim/runtime/pack/dist/opt/matchit/plugin/matchit.vim
116.541  000.641  000.396: sourcing /usr/share/nvim/runtime/plugin/matchit.vim
116.700  000.145  000.145: sourcing /usr/share/nvim/runtime/plugin/matchparen.vim
117.453  000.737  000.737: sourcing /usr/share/nvim/runtime/plugin/netrwPlugin.vim
117.719  000.013  000.013: sourcing /home/itscarlosecp/.local/share/nvim/rplugin.vim
117.728  000.231  000.218: sourcing /usr/share/nvim/runtime/plugin/rplugin.vim
118.016  000.213  000.213: sourcing /usr/share/nvim/runtime/plugin/shada.vim
118.166  000.073  000.073: sourcing /usr/share/nvim/runtime/plugin/spellfile.vim
118.507  000.297  000.297: sourcing /usr/share/nvim/runtime/plugin/tarPlugin.vim
118.697  000.136  000.136: sourcing /usr/share/nvim/runtime/plugin/tohtml.vim
118.735  000.015  000.015: sourcing /usr/share/nvim/runtime/plugin/tutor.vim
118.990  000.219  000.219: sourcing /usr/share/nvim/runtime/plugin/zipPlugin.vim
154.294  035.219  035.219: sourcing /home/itscarlosecp/.config/nvim/plugin/packer_compiled.lua
154.463  001.915: loading plugins
154.868  000.230  000.230: sourcing /home/itscarlosecp/.local/share/nvim/site/pack/packer/start/galaxyline.nvim/plugin/galaxyline.vim
155.354  000.368  000.368: sourcing /home/itscarlosecp/.local/share/nvim/site/pack/packer/start/lspsaga.nvim/plugin/lspsaga.vim
155.502  000.034  000.034: sourcing /home/itscarlosecp/.local/share/nvim/site/pack/packer/start/lush.nvim/plugin/lush.vim
155.659  000.067  000.067: sourcing /home/itscarlosecp/.local/share/nvim/site/pack/packer/start/nvim-lspconfig/plugin/lspconfig.vim
155.839  000.070  000.070: sourcing /home/itscarlosecp/.local/share/nvim/site/pack/packer/start/nvim-lspinstall/plugin/lspinstall.vim
156.027  000.090  000.090: sourcing /home/itscarlosecp/.local/share/nvim/site/pack/packer/start/nvim-tree.lua/plugin/tree.vim
156.843  000.723  000.723: sourcing /home/itscarlosecp/.local/share/nvim/site/pack/packer/start/nvim-treesitter/plugin/nvim-treesitter.vim
156.945  000.011  000.011: sourcing /home/itscarlosecp/.local/share/nvim/site/pack/packer/start/nvim-treesitter/ftdetect/gdscript.vim
156.971  000.009  000.009: sourcing /home/itscarlosecp/.local/share/nvim/site/pack/packer/start/nvim-treesitter/ftdetect/gomod.vim
157.023  000.017  000.017: sourcing /home/itscarlosecp/.local/share/nvim/site/pack/packer/start/nvim-treesitter/ftdetect/query.vim
157.119  000.030  000.030: sourcing /home/itscarlosecp/.local/share/nvim/site/pack/packer/start/nvim-web-devicons/plugin/nvim-web-devicons.vim
157.273  000.034  000.034: sourcing /home/itscarlosecp/.local/share/nvim/site/pack/packer/start/plenary.nvim/plugin/plenary.vim
157.858  000.444  000.444: sourcing /home/itscarlosecp/.local/share/nvim/site/pack/packer/start/telescope.nvim/plugin/telescope.vim
158.103  001.512: loading packages
158.283  000.180: loading after plugins
158.295  000.012: inits 3
159.688  001.393: reading ShaDa
160.329  000.126  000.126: sourcing /home/itscarlosecp/.local/share/nvim/site/pack/packer/opt/vim-easy-align/plugin/easy_align.vim
160.550  000.028  000.028: sourcing /home/itscarlosecp/.local/share/nvim/site/pack/packer/opt/nvim-colorizer.lua/plugin/colorizer.vim
164.196  000.422  000.422: sourcing /home/itscarlosecp/.local/share/nvim/site/pack/packer/opt/vim-surround/plugin/surround.vim
164.422  004.158: opening buffers
174.282  009.860: BufEnter autocommands
174.287  000.005: editing files in windows


times in msec
 clock   self+sourced   self:  sourced script
 clock   elapsed:              other lines

000.013  000.013: --- NVIM STARTING ---
000.886  000.873: locale set
001.612  000.726: inits 1
001.634  000.023: window checked
001.640  000.006: parsing arguments
001.783  000.143: expanding arguments
001.851  000.068: inits 2
002.658  000.807: init highlight
002.662  000.004: waiting for UI
004.476  001.815: done waiting for UI
004.518  000.042: initialized screen early for UI
011.545  000.717  000.717: sourcing /usr/share/nvim/runtime/syntax/syncolor.vim
012.090  001.351  000.634: sourcing /usr/share/nvim/runtime/syntax/synload.vim
022.654  000.018  000.018: sourcing /home/itscarlosecp/.local/share/nvim/site/pack/packer/start/nvim-treesitter/ftdetect/gdscript.vim
022.693  000.014  000.014: sourcing /home/itscarlosecp/.local/share/nvim/site/pack/packer/start/nvim-treesitter/ftdetect/gomod.vim
022.735  000.026  000.026: sourcing /home/itscarlosecp/.local/share/nvim/site/pack/packer/start/nvim-treesitter/ftdetect/query.vim
023.242  011.078  011.020: sourcing /usr/share/nvim/runtime/filetype.vim
024.504  000.639  000.639: sourcing /usr/share/nvim/runtime/scripts.vim
024.799  014.168  001.099: sourcing /usr/share/nvim/runtime/syntax/syntax.vim
105.162  010.049  010.049: sourcing /home/itscarlosecp/.local/share/nvim/site/pack/packer/start/tokyonight.nvim/colors/tokyonight.vim
105.225  100.563  076.347: sourcing /home/itscarlosecp/.config/nvim/init.lua
105.257  000.176: sourcing vimrc file(s)
105.445  000.101  000.101: sourcing /usr/share/nvim/runtime/ftplugin.vim
106.136  000.123  000.123: sourcing /usr/share/nvim/runtime/indent.vim
109.545  000.764  000.764: sourcing /usr/share/nvim/runtime/plugin/gzip.vim
109.619  000.026  000.026: sourcing /usr/share/nvim/runtime/plugin/health.vim
109.884  000.225  000.225: sourcing /usr/share/nvim/runtime/plugin/man.vim
111.254  000.576  000.576: sourcing /usr/share/nvim/runtime/pack/dist/opt/matchit/plugin/matchit.vim
111.662  001.739  001.163: sourcing /usr/share/nvim/runtime/plugin/matchit.vim
112.196  000.462  000.462: sourcing /usr/share/nvim/runtime/plugin/matchparen.vim
113.694  001.454  001.454: sourcing /usr/share/nvim/runtime/plugin/netrwPlugin.vim
114.168  000.030  000.030: sourcing /home/itscarlosecp/.local/share/nvim/rplugin.vim
114.188  000.415  000.385: sourcing /usr/share/nvim/runtime/plugin/rplugin.vim
114.520  000.291  000.291: sourcing /usr/share/nvim/runtime/plugin/shada.vim
114.645  000.054  000.054: sourcing /usr/share/nvim/runtime/plugin/spellfile.vim
115.138  000.444  000.444: sourcing /usr/share/nvim/runtime/plugin/tarPlugin.vim
115.413  000.208  000.208: sourcing /usr/share/nvim/runtime/plugin/tohtml.vim
115.509  000.043  000.043: sourcing /usr/share/nvim/runtime/plugin/tutor.vim
116.018  000.463  000.463: sourcing /usr/share/nvim/runtime/plugin/zipPlugin.vim
160.071  043.789  043.789: sourcing /home/itscarlosecp/.config/nvim/plugin/packer_compiled.lua
160.264  004.405: loading plugins
160.716  000.249  000.249: sourcing /home/itscarlosecp/.local/share/nvim/site/pack/packer/start/galaxyline.nvim/plugin/galaxyline.vim
161.202  000.363  000.363: sourcing /home/itscarlosecp/.local/share/nvim/site/pack/packer/start/lspsaga.nvim/plugin/lspsaga.vim
161.368  000.043  000.043: sourcing /home/itscarlosecp/.local/share/nvim/site/pack/packer/start/lush.nvim/plugin/lush.vim
161.563  000.081  000.081: sourcing /home/itscarlosecp/.local/share/nvim/site/pack/packer/start/nvim-lspconfig/plugin/lspconfig.vim
161.729  000.049  000.049: sourcing /home/itscarlosecp/.local/share/nvim/site/pack/packer/start/nvim-lspinstall/plugin/lspinstall.vim
161.953  000.113  000.113: sourcing /home/itscarlosecp/.local/share/nvim/site/pack/packer/start/nvim-tree.lua/plugin/tree.vim
162.923  000.831  000.831: sourcing /home/itscarlosecp/.local/share/nvim/site/pack/packer/start/nvim-treesitter/plugin/nvim-treesitter.vim
163.072  000.033  000.033: sourcing /home/itscarlosecp/.local/share/nvim/site/pack/packer/start/nvim-treesitter/ftdetect/gdscript.vim
163.115  000.016  000.016: sourcing /home/itscarlosecp/.local/share/nvim/site/pack/packer/start/nvim-treesitter/ftdetect/gomod.vim
163.177  000.021  000.021: sourcing /home/itscarlosecp/.local/share/nvim/site/pack/packer/start/nvim-treesitter/ftdetect/query.vim
163.296  000.035  000.035: sourcing /home/itscarlosecp/.local/share/nvim/site/pack/packer/start/nvim-web-devicons/plugin/nvim-web-devicons.vim
163.489  000.043  000.043: sourcing /home/itscarlosecp/.local/share/nvim/site/pack/packer/start/plenary.nvim/plugin/plenary.vim
164.025  000.388  000.388: sourcing /home/itscarlosecp/.local/share/nvim/site/pack/packer/start/telescope.nvim/plugin/telescope.vim
164.243  001.715: loading packages
164.454  000.211: loading after plugins
164.467  000.013: inits 3
165.917  001.450: reading ShaDa
166.557  000.143  000.143: sourcing /home/itscarlosecp/.local/share/nvim/site/pack/packer/opt/vim-easy-align/plugin/easy_align.vim
166.811  000.032  000.032: sourcing /home/itscarlosecp/.local/share/nvim/site/pack/packer/opt/nvim-colorizer.lua/plugin/colorizer.vim
170.537  000.390  000.390: sourcing /home/itscarlosecp/.local/share/nvim/site/pack/packer/opt/vim-surround/plugin/surround.vim
170.783  004.301: opening buffers
181.449  010.666: BufEnter autocommands
181.455  000.006: editing files in windows


times in msec
 clock   self+sourced   self:  sourced script
 clock   elapsed:              other lines

000.009  000.009: --- NVIM STARTING ---
000.659  000.650: locale set
001.177  000.517: inits 1
001.198  000.022: window checked
001.204  000.005: parsing arguments
001.341  000.137: expanding arguments
001.407  000.066: inits 2
002.192  000.785: init highlight
002.196  000.004: waiting for UI
004.055  001.859: done waiting for UI
004.174  000.119: initialized screen early for UI
011.565  000.727  000.727: sourcing /usr/share/nvim/runtime/syntax/syncolor.vim
012.051  001.306  000.579: sourcing /usr/share/nvim/runtime/syntax/synload.vim
023.226  000.017  000.017: sourcing /home/itscarlosecp/.local/share/nvim/site/pack/packer/start/nvim-treesitter/ftdetect/gdscript.vim
023.261  000.012  000.012: sourcing /home/itscarlosecp/.local/share/nvim/site/pack/packer/start/nvim-treesitter/ftdetect/gomod.vim
023.299  000.023  000.023: sourcing /home/itscarlosecp/.local/share/nvim/site/pack/packer/start/nvim-treesitter/ftdetect/query.vim
023.760  011.638  011.585: sourcing /usr/share/nvim/runtime/filetype.vim
025.808  000.967  000.967: sourcing /usr/share/nvim/runtime/scripts.vim
026.463  015.832  001.922: sourcing /usr/share/nvim/runtime/syntax/syntax.vim
114.522  007.926  007.926: sourcing /home/itscarlosecp/.local/share/nvim/site/pack/packer/start/tokyonight.nvim/colors/tokyonight.vim
114.553  110.094  086.336: sourcing /home/itscarlosecp/.config/nvim/init.lua
114.568  000.300: sourcing vimrc file(s)
114.650  000.045  000.045: sourcing /usr/share/nvim/runtime/ftplugin.vim
114.895  000.030  000.030: sourcing /usr/share/nvim/runtime/indent.vim
116.268  000.343  000.343: sourcing /usr/share/nvim/runtime/plugin/gzip.vim
116.299  000.012  000.012: sourcing /usr/share/nvim/runtime/plugin/health.vim
116.391  000.079  000.079: sourcing /usr/share/nvim/runtime/plugin/man.vim
116.863  000.178  000.178: sourcing /usr/share/nvim/runtime/pack/dist/opt/matchit/plugin/matchit.vim
116.977  000.571  000.393: sourcing /usr/share/nvim/runtime/plugin/matchit.vim
117.202  000.209  000.209: sourcing /usr/share/nvim/runtime/plugin/matchparen.vim
117.653  000.433  000.433: sourcing /usr/share/nvim/runtime/plugin/netrwPlugin.vim
117.824  000.010  000.010: sourcing /home/itscarlosecp/.local/share/nvim/rplugin.vim
117.830  000.149  000.139: sourcing /usr/share/nvim/runtime/plugin/rplugin.vim
117.960  000.116  000.116: sourcing /usr/share/nvim/runtime/plugin/shada.vim
118.012  000.022  000.022: sourcing /usr/share/nvim/runtime/plugin/spellfile.vim
118.163  000.131  000.131: sourcing /usr/share/nvim/runtime/plugin/tarPlugin.vim
118.257  000.074  000.074: sourcing /usr/share/nvim/runtime/plugin/tohtml.vim
118.289  000.015  000.015: sourcing /usr/share/nvim/runtime/plugin/tutor.vim
118.466  000.159  000.159: sourcing /usr/share/nvim/runtime/plugin/zipPlugin.vim
152.819  034.283  034.283: sourcing /home/itscarlosecp/.config/nvim/plugin/packer_compiled.lua
153.121  001.883: loading plugins
153.524  000.221  000.221: sourcing /home/itscarlosecp/.local/share/nvim/site/pack/packer/start/galaxyline.nvim/plugin/galaxyline.vim
154.057  000.425  000.425: sourcing /home/itscarlosecp/.local/share/nvim/site/pack/packer/start/lspsaga.nvim/plugin/lspsaga.vim
154.214  000.039  000.039: sourcing /home/itscarlosecp/.local/share/nvim/site/pack/packer/start/lush.nvim/plugin/lush.vim
154.488  000.100  000.100: sourcing /home/itscarlosecp/.local/share/nvim/site/pack/packer/start/nvim-lspconfig/plugin/lspconfig.vim
154.634  000.043  000.043: sourcing /home/itscarlosecp/.local/share/nvim/site/pack/packer/start/nvim-lspinstall/plugin/lspinstall.vim
154.837  000.102  000.102: sourcing /home/itscarlosecp/.local/share/nvim/site/pack/packer/start/nvim-tree.lua/plugin/tree.vim
156.497  001.436  001.436: sourcing /home/itscarlosecp/.local/share/nvim/site/pack/packer/start/nvim-treesitter/plugin/nvim-treesitter.vim
156.629  000.012  000.012: sourcing /home/itscarlosecp/.local/share/nvim/site/pack/packer/start/nvim-treesitter/ftdetect/gdscript.vim
156.655  000.010  000.010: sourcing /home/itscarlosecp/.local/share/nvim/site/pack/packer/start/nvim-treesitter/ftdetect/gomod.vim
156.709  000.018  000.018: sourcing /home/itscarlosecp/.local/share/nvim/site/pack/packer/start/nvim-treesitter/ftdetect/query.vim
156.808  000.029  000.029: sourcing /home/itscarlosecp/.local/share/nvim/site/pack/packer/start/nvim-web-devicons/plugin/nvim-web-devicons.vim
156.988  000.037  000.037: sourcing /home/itscarlosecp/.local/share/nvim/site/pack/packer/start/plenary.nvim/plugin/plenary.vim
157.419  000.309  000.309: sourcing /home/itscarlosecp/.local/share/nvim/site/pack/packer/start/telescope.nvim/plugin/telescope.vim
157.575  001.672: loading packages
157.743  000.168: loading after plugins
157.753  000.010: inits 3
159.072  001.320: reading ShaDa
159.649  000.128  000.128: sourcing /home/itscarlosecp/.local/share/nvim/site/pack/packer/opt/vim-easy-align/plugin/easy_align.vim
159.882  000.029  000.029: sourcing /home/itscarlosecp/.local/share/nvim/site/pack/packer/opt/nvim-colorizer.lua/plugin/colorizer.vim
163.258  000.368  000.368: sourcing /home/itscarlosecp/.local/share/nvim/site/pack/packer/opt/vim-surround/plugin/surround.vim
163.498  003.901: opening buffers
175.606  012.108: BufEnter autocommands
175.612  000.006: editing files in windows


times in msec
 clock   self+sourced   self:  sourced script
 clock   elapsed:              other lines

000.007  000.007: --- NVIM STARTING ---
000.661  000.655: locale set
001.218  000.556: inits 1
001.246  000.028: window checked
001.251  000.006: parsing arguments
001.410  000.159: expanding arguments
001.475  000.065: inits 2
002.296  000.821: init highlight
002.300  000.004: waiting for UI
004.133  001.832: done waiting for UI
004.175  000.042: initialized screen early for UI
011.351  000.690  000.690: sourcing /usr/share/nvim/runtime/syntax/syncolor.vim
011.931  001.360  000.670: sourcing /usr/share/nvim/runtime/syntax/synload.vim
021.166  000.018  000.018: sourcing /home/itscarlosecp/.local/share/nvim/site/pack/packer/start/nvim-treesitter/ftdetect/gdscript.vim
021.204  000.014  000.014: sourcing /home/itscarlosecp/.local/share/nvim/site/pack/packer/start/nvim-treesitter/ftdetect/gomod.vim
021.249  000.028  000.028: sourcing /home/itscarlosecp/.local/share/nvim/site/pack/packer/start/nvim-treesitter/ftdetect/query.vim
021.750  009.755  009.695: sourcing /usr/share/nvim/runtime/filetype.vim
022.817  000.563  000.563: sourcing /usr/share/nvim/runtime/scripts.vim
023.094  012.629  000.950: sourcing /usr/share/nvim/runtime/syntax/syntax.vim
105.245  006.360  006.360: sourcing /home/itscarlosecp/.local/share/nvim/site/pack/packer/start/tokyonight.nvim/colors/tokyonight.vim
105.277  100.953  081.963: sourcing /home/itscarlosecp/.config/nvim/init.lua
105.294  000.167: sourcing vimrc file(s)
105.497  000.117  000.117: sourcing /usr/share/nvim/runtime/ftplugin.vim
106.266  000.085  000.085: sourcing /usr/share/nvim/runtime/indent.vim
108.229  000.360  000.360: sourcing /usr/share/nvim/runtime/plugin/gzip.vim
108.259  000.011  000.011: sourcing /usr/share/nvim/runtime/plugin/health.vim
108.359  000.087  000.087: sourcing /usr/share/nvim/runtime/plugin/man.vim
108.885  000.211  000.211: sourcing /usr/share/nvim/runtime/pack/dist/opt/matchit/plugin/matchit.vim
108.968  000.593  000.382: sourcing /usr/share/nvim/runtime/plugin/matchit.vim
109.159  000.176  000.176: sourcing /usr/share/nvim/runtime/plugin/matchparen.vim
109.631  000.453  000.453: sourcing /usr/share/nvim/runtime/plugin/netrwPlugin.vim
109.811  000.010  000.010: sourcing /home/itscarlosecp/.local/share/nvim/rplugin.vim
109.818  000.157  000.146: sourcing /usr/share/nvim/runtime/plugin/rplugin.vim
109.950  000.116  000.116: sourcing /usr/share/nvim/runtime/plugin/shada.vim
110.004  000.023  000.023: sourcing /usr/share/nvim/runtime/plugin/spellfile.vim
110.201  000.176  000.176: sourcing /usr/share/nvim/runtime/plugin/tarPlugin.vim
110.320  000.090  000.090: sourcing /usr/share/nvim/runtime/plugin/tohtml.vim
110.360  000.019  000.019: sourcing /usr/share/nvim/runtime/plugin/tutor.vim
110.574  000.191  000.191: sourcing /usr/share/nvim/runtime/plugin/zipPlugin.vim
142.142  031.483  031.483: sourcing /home/itscarlosecp/.config/nvim/plugin/packer_compiled.lua
142.322  002.892: loading plugins
142.757  000.258  000.258: sourcing /home/itscarlosecp/.local/share/nvim/site/pack/packer/start/galaxyline.nvim/plugin/galaxyline.vim
143.239  000.373  000.373: sourcing /home/itscarlosecp/.local/share/nvim/site/pack/packer/start/lspsaga.nvim/plugin/lspsaga.vim
143.516  000.047  000.047: sourcing /home/itscarlosecp/.local/share/nvim/site/pack/packer/start/lush.nvim/plugin/lush.vim
143.710  000.076  000.076: sourcing /home/itscarlosecp/.local/share/nvim/site/pack/packer/start/nvim-lspconfig/plugin/lspconfig.vim
143.852  000.042  000.042: sourcing /home/itscarlosecp/.local/share/nvim/site/pack/packer/start/nvim-lspinstall/plugin/lspinstall.vim
144.048  000.099  000.099: sourcing /home/itscarlosecp/.local/share/nvim/site/pack/packer/start/nvim-tree.lua/plugin/tree.vim
144.973  000.824  000.824: sourcing /home/itscarlosecp/.local/share/nvim/site/pack/packer/start/nvim-treesitter/plugin/nvim-treesitter.vim
145.086  000.012  000.012: sourcing /home/itscarlosecp/.local/share/nvim/site/pack/packer/start/nvim-treesitter/ftdetect/gdscript.vim
145.129  000.025  000.025: sourcing /home/itscarlosecp/.local/share/nvim/site/pack/packer/start/nvim-treesitter/ftdetect/gomod.vim
145.191  000.021  000.021: sourcing /home/itscarlosecp/.local/share/nvim/site/pack/packer/start/nvim-treesitter/ftdetect/query.vim
145.299  000.031  000.031: sourcing /home/itscarlosecp/.local/share/nvim/site/pack/packer/start/nvim-web-devicons/plugin/nvim-web-devicons.vim
145.476  000.037  000.037: sourcing /home/itscarlosecp/.local/share/nvim/site/pack/packer/start/plenary.nvim/plugin/plenary.vim
145.928  000.327  000.327: sourcing /home/itscarlosecp/.local/share/nvim/site/pack/packer/start/telescope.nvim/plugin/telescope.vim
146.095  001.601: loading packages
146.297  000.202: loading after plugins
146.308  000.012: inits 3
147.638  001.330: reading ShaDa
148.346  000.269  000.269: sourcing /home/itscarlosecp/.local/share/nvim/site/pack/packer/opt/vim-easy-align/plugin/easy_align.vim
148.719  000.041  000.041: sourcing /home/itscarlosecp/.local/share/nvim/site/pack/packer/opt/nvim-colorizer.lua/plugin/colorizer.vim
153.375  000.473  000.473: sourcing /home/itscarlosecp/.local/share/nvim/site/pack/packer/opt/vim-surround/plugin/surround.vim
153.622  005.201: opening buffers
165.855  012.233: BufEnter autocommands
165.863  000.007: editing files in windows


times in msec
 clock   self+sourced   self:  sourced script
 clock   elapsed:              other lines

000.007  000.007: --- NVIM STARTING ---
000.487  000.479: locale set
000.799  000.312: inits 1
000.818  000.019: window checked
000.822  000.004: parsing arguments
000.988  000.167: expanding arguments
001.026  000.038: inits 2
001.503  000.477: init highlight
001.505  000.002: waiting for UI
002.580  001.075: done waiting for UI
002.621  000.041: initialized screen early for UI
007.412  000.508  000.508: sourcing /usr/share/nvim/runtime/syntax/syncolor.vim
007.809  000.950  000.442: sourcing /usr/share/nvim/runtime/syntax/synload.vim
016.275  000.020  000.020: sourcing /home/itscarlosecp/.local/share/nvim/site/pack/packer/start/nvim-treesitter/ftdetect/gdscript.vim
016.319  000.016  000.016: sourcing /home/itscarlosecp/.local/share/nvim/site/pack/packer/start/nvim-treesitter/ftdetect/gomod.vim
016.366  000.028  000.028: sourcing /home/itscarlosecp/.local/share/nvim/site/pack/packer/start/nvim-treesitter/ftdetect/query.vim
016.875  009.027  008.963: sourcing /usr/share/nvim/runtime/filetype.vim
018.073  000.594  000.594: sourcing /usr/share/nvim/runtime/scripts.vim
018.403  011.602  001.031: sourcing /usr/share/nvim/runtime/syntax/syntax.vim
101.233  005.405  005.405: sourcing /home/itscarlosecp/.local/share/nvim/site/pack/packer/start/tokyonight.nvim/colors/tokyonight.vim
101.260  098.524  081.518: sourcing /home/itscarlosecp/.config/nvim/init.lua
101.273  000.127: sourcing vimrc file(s)
101.385  000.058  000.058: sourcing /usr/share/nvim/runtime/ftplugin.vim
101.670  000.032  000.032: sourcing /usr/share/nvim/runtime/indent.vim
102.950  000.284  000.284: sourcing /usr/share/nvim/runtime/plugin/gzip.vim
102.974  000.010  000.010: sourcing /usr/share/nvim/runtime/plugin/health.vim
103.056  000.072  000.072: sourcing /usr/share/nvim/runtime/plugin/man.vim
103.531  000.183  000.183: sourcing /usr/share/nvim/runtime/pack/dist/opt/matchit/plugin/matchit.vim
103.602  000.532  000.349: sourcing /usr/share/nvim/runtime/plugin/matchit.vim
103.784  000.169  000.169: sourcing /usr/share/nvim/runtime/plugin/matchparen.vim
104.299  000.499  000.499: sourcing /usr/share/nvim/runtime/plugin/netrwPlugin.vim
104.457  000.008  000.008: sourcing /home/itscarlosecp/.local/share/nvim/rplugin.vim
104.463  000.138  000.130: sourcing /usr/share/nvim/runtime/plugin/rplugin.vim
104.585  000.108  000.108: sourcing /usr/share/nvim/runtime/plugin/shada.vim
104.629  000.019  000.019: sourcing /usr/share/nvim/runtime/plugin/spellfile.vim
104.769  000.122  000.122: sourcing /usr/share/nvim/runtime/plugin/tarPlugin.vim
104.858  000.070  000.070: sourcing /usr/share/nvim/runtime/plugin/tohtml.vim
104.889  000.015  000.015: sourcing /usr/share/nvim/runtime/plugin/tutor.vim
105.057  000.151  000.151: sourcing /usr/share/nvim/runtime/plugin/zipPlugin.vim
134.596  029.471  029.471: sourcing /home/itscarlosecp/.config/nvim/plugin/packer_compiled.lua
134.790  001.768: loading plugins
135.296  000.295  000.295: sourcing /home/itscarlosecp/.local/share/nvim/site/pack/packer/start/galaxyline.nvim/plugin/galaxyline.vim
135.823  000.387  000.387: sourcing /home/itscarlosecp/.local/share/nvim/site/pack/packer/start/lspsaga.nvim/plugin/lspsaga.vim
136.003  000.044  000.044: sourcing /home/itscarlosecp/.local/share/nvim/site/pack/packer/start/lush.nvim/plugin/lush.vim
136.210  000.085  000.085: sourcing /home/itscarlosecp/.local/share/nvim/site/pack/packer/start/nvim-lspconfig/plugin/lspconfig.vim
136.415  000.055  000.055: sourcing /home/itscarlosecp/.local/share/nvim/site/pack/packer/start/nvim-lspinstall/plugin/lspinstall.vim
136.658  000.121  000.121: sourcing /home/itscarlosecp/.local/share/nvim/site/pack/packer/start/nvim-tree.lua/plugin/tree.vim
137.668  000.889  000.889: sourcing /home/itscarlosecp/.local/share/nvim/site/pack/packer/start/nvim-treesitter/plugin/nvim-treesitter.vim
137.822  000.015  000.015: sourcing /home/itscarlosecp/.local/share/nvim/site/pack/packer/start/nvim-treesitter/ftdetect/gdscript.vim
137.861  000.014  000.014: sourcing /home/itscarlosecp/.local/share/nvim/site/pack/packer/start/nvim-treesitter/ftdetect/gomod.vim
137.938  000.022  000.022: sourcing /home/itscarlosecp/.local/share/nvim/site/pack/packer/start/nvim-treesitter/ftdetect/query.vim
138.082  000.057  000.057: sourcing /home/itscarlosecp/.local/share/nvim/site/pack/packer/start/nvim-web-devicons/plugin/nvim-web-devicons.vim
138.383  000.116  000.116: sourcing /home/itscarlosecp/.local/share/nvim/site/pack/packer/start/plenary.nvim/plugin/plenary.vim
139.523  000.653  000.653: sourcing /home/itscarlosecp/.local/share/nvim/site/pack/packer/start/telescope.nvim/plugin/telescope.vim
139.730  002.188: loading packages
139.947  000.217: loading after plugins
139.963  000.017: inits 3
141.611  001.647: reading ShaDa
142.337  000.172  000.172: sourcing /home/itscarlosecp/.local/share/nvim/site/pack/packer/opt/vim-easy-align/plugin/easy_align.vim
142.606  000.035  000.035: sourcing /home/itscarlosecp/.local/share/nvim/site/pack/packer/opt/nvim-colorizer.lua/plugin/colorizer.vim
147.272  000.485  000.485: sourcing /home/itscarlosecp/.local/share/nvim/site/pack/packer/opt/vim-surround/plugin/surround.vim
147.586  005.283: opening buffers
158.927  011.341: BufEnter autocommands
158.936  000.009: editing files in windows


times in msec
 clock   self+sourced   self:  sourced script
 clock   elapsed:              other lines

000.010  000.010: --- NVIM STARTING ---
000.674  000.664: locale set
001.133  000.459: inits 1
001.152  000.020: window checked
001.158  000.005: parsing arguments
001.303  000.145: expanding arguments
001.365  000.062: inits 2
002.173  000.807: init highlight
002.177  000.004: waiting for UI
004.082  001.906: done waiting for UI
004.201  000.119: initialized screen early for UI
011.395  000.640  000.640: sourcing /usr/share/nvim/runtime/syntax/syncolor.vim
011.987  001.333  000.693: sourcing /usr/share/nvim/runtime/syntax/synload.vim
023.783  000.023  000.023: sourcing /home/itscarlosecp/.local/share/nvim/site/pack/packer/start/nvim-treesitter/ftdetect/gdscript.vim
023.831  000.018  000.018: sourcing /home/itscarlosecp/.local/share/nvim/site/pack/packer/start/nvim-treesitter/ftdetect/gomod.vim
023.884  000.033  000.033: sourcing /home/itscarlosecp/.local/share/nvim/site/pack/packer/start/nvim-treesitter/ftdetect/query.vim
024.491  012.427  012.354: sourcing /usr/share/nvim/runtime/filetype.vim
025.885  000.684  000.684: sourcing /usr/share/nvim/runtime/scripts.vim
026.180  015.672  001.226: sourcing /usr/share/nvim/runtime/syntax/syntax.vim
097.079  006.203  006.203: sourcing /home/itscarlosecp/.local/share/nvim/site/pack/packer/start/tokyonight.nvim/colors/tokyonight.vim
097.109  092.753  070.878: sourcing /home/itscarlosecp/.config/nvim/init.lua
097.124  000.171: sourcing vimrc file(s)
097.221  000.053  000.053: sourcing /usr/share/nvim/runtime/ftplugin.vim
097.665  000.051  000.051: sourcing /usr/share/nvim/runtime/indent.vim
099.865  000.605  000.605: sourcing /usr/share/nvim/runtime/plugin/gzip.vim
099.899  000.013  000.013: sourcing /usr/share/nvim/runtime/plugin/health.vim
100.014  000.101  000.101: sourcing /usr/share/nvim/runtime/plugin/man.vim
100.481  000.172  000.172: sourcing /usr/share/nvim/runtime/pack/dist/opt/matchit/plugin/matchit.vim
100.552  000.512  000.339: sourcing /usr/share/nvim/runtime/plugin/matchit.vim
100.694  000.131  000.131: sourcing /usr/share/nvim/runtime/plugin/matchparen.vim
101.087  000.380  000.380: sourcing /usr/share/nvim/runtime/plugin/netrwPlugin.vim
101.236  000.009  000.009: sourcing /home/itscarlosecp/.local/share/nvim/rplugin.vim
101.242  000.129  000.120: sourcing /usr/share/nvim/runtime/plugin/rplugin.vim
101.346  000.091  000.091: sourcing /usr/share/nvim/runtime/plugin/shada.vim
101.389  000.019  000.019: sourcing /usr/share/nvim/runtime/plugin/spellfile.vim
101.530  000.122  000.122: sourcing /usr/share/nvim/runtime/plugin/tarPlugin.vim
101.623  000.074  000.074: sourcing /usr/share/nvim/runtime/plugin/tohtml.vim
101.655  000.015  000.015: sourcing /usr/share/nvim/runtime/plugin/tutor.vim
101.823  000.152  000.152: sourcing /usr/share/nvim/runtime/plugin/zipPlugin.vim
132.507  030.618  030.618: sourcing /home/itscarlosecp/.config/nvim/plugin/packer_compiled.lua
132.672  002.483: loading plugins
133.247  000.358  000.358: sourcing /home/itscarlosecp/.local/share/nvim/site/pack/packer/start/galaxyline.nvim/plugin/galaxyline.vim
133.748  000.399  000.399: sourcing /home/itscarlosecp/.local/share/nvim/site/pack/packer/start/lspsaga.nvim/plugin/lspsaga.vim
133.912  000.034  000.034: sourcing /home/itscarlosecp/.local/share/nvim/site/pack/packer/start/lush.nvim/plugin/lush.vim
134.088  000.082  000.082: sourcing /home/itscarlosecp/.local/share/nvim/site/pack/packer/start/nvim-lspconfig/plugin/lspconfig.vim
134.225  000.041  000.041: sourcing /home/itscarlosecp/.local/share/nvim/site/pack/packer/start/nvim-lspinstall/plugin/lspinstall.vim
134.411  000.095  000.095: sourcing /home/itscarlosecp/.local/share/nvim/site/pack/packer/start/nvim-tree.lua/plugin/tree.vim
135.161  000.655  000.655: sourcing /home/itscarlosecp/.local/share/nvim/site/pack/packer/start/nvim-treesitter/plugin/nvim-treesitter.vim
135.282  000.011  000.011: sourcing /home/itscarlosecp/.local/share/nvim/site/pack/packer/start/nvim-treesitter/ftdetect/gdscript.vim
135.308  000.009  000.009: sourcing /home/itscarlosecp/.local/share/nvim/site/pack/packer/start/nvim-treesitter/ftdetect/gomod.vim
135.358  000.017  000.017: sourcing /home/itscarlosecp/.local/share/nvim/site/pack/packer/start/nvim-treesitter/ftdetect/query.vim
135.469  000.044  000.044: sourcing /home/itscarlosecp/.local/share/nvim/site/pack/packer/start/nvim-web-devicons/plugin/nvim-web-devicons.vim
135.664  000.033  000.033: sourcing /home/itscarlosecp/.local/share/nvim/site/pack/packer/start/plenary.nvim/plugin/plenary.vim
136.112  000.335  000.335: sourcing /home/itscarlosecp/.local/share/nvim/site/pack/packer/start/telescope.nvim/plugin/telescope.vim
136.265  001.479: loading packages
136.427  000.162: loading after plugins
136.436  000.009: inits 3
137.650  001.214: reading ShaDa
138.233  000.129  000.129: sourcing /home/itscarlosecp/.local/share/nvim/site/pack/packer/opt/vim-easy-align/plugin/easy_align.vim
138.460  000.031  000.031: sourcing /home/itscarlosecp/.local/share/nvim/site/pack/packer/opt/nvim-colorizer.lua/plugin/colorizer.vim
142.764  000.564  000.564: sourcing /home/itscarlosecp/.local/share/nvim/site/pack/packer/opt/vim-surround/plugin/surround.vim
143.080  004.706: opening buffers
151.923  008.843: BufEnter autocommands
151.926  000.004: editing files in windows


times in msec
 clock   self+sourced   self:  sourced script
 clock   elapsed:              other lines

000.009  000.009: --- NVIM STARTING ---
000.665  000.655: locale set
001.123  000.458: inits 1
001.145  000.022: window checked
001.149  000.004: parsing arguments
001.272  000.122: expanding arguments
001.322  000.050: inits 2
002.005  000.683: init highlight
002.008  000.003: waiting for UI
003.445  001.436: done waiting for UI
003.500  000.055: initialized screen early for UI
008.701  000.430  000.430: sourcing /usr/share/nvim/runtime/syntax/syncolor.vim
009.125  000.916  000.486: sourcing /usr/share/nvim/runtime/syntax/synload.vim
017.110  000.015  000.015: sourcing /home/itscarlosecp/.local/share/nvim/site/pack/packer/start/nvim-treesitter/ftdetect/gdscript.vim
017.143  000.012  000.012: sourcing /home/itscarlosecp/.local/share/nvim/site/pack/packer/start/nvim-treesitter/ftdetect/gomod.vim
017.186  000.029  000.029: sourcing /home/itscarlosecp/.local/share/nvim/site/pack/packer/start/nvim-treesitter/ftdetect/query.vim
017.610  008.435  008.378: sourcing /usr/share/nvim/runtime/filetype.vim
018.701  000.507  000.507: sourcing /usr/share/nvim/runtime/scripts.vim
018.986  010.848  000.991: sourcing /usr/share/nvim/runtime/syntax/syntax.vim
099.311  007.175  007.175: sourcing /home/itscarlosecp/.local/share/nvim/site/pack/packer/start/tokyonight.nvim/colors/tokyonight.vim
099.336  095.717  077.694: sourcing /home/itscarlosecp/.config/nvim/init.lua
099.357  000.141: sourcing vimrc file(s)
099.432  000.043  000.043: sourcing /usr/share/nvim/runtime/ftplugin.vim
099.707  000.029  000.029: sourcing /usr/share/nvim/runtime/indent.vim
101.132  000.285  000.285: sourcing /usr/share/nvim/runtime/plugin/gzip.vim
101.157  000.009  000.009: sourcing /usr/share/nvim/runtime/plugin/health.vim
101.277  000.111  000.111: sourcing /usr/share/nvim/runtime/plugin/man.vim
101.743  000.179  000.179: sourcing /usr/share/nvim/runtime/pack/dist/opt/matchit/plugin/matchit.vim
101.815  000.519  000.340: sourcing /usr/share/nvim/runtime/plugin/matchit.vim
101.961  000.134  000.134: sourcing /usr/share/nvim/runtime/plugin/matchparen.vim
102.456  000.482  000.482: sourcing /usr/share/nvim/runtime/plugin/netrwPlugin.vim
102.683  000.010  000.010: sourcing /home/itscarlosecp/.local/share/nvim/rplugin.vim
102.690  000.173  000.163: sourcing /usr/share/nvim/runtime/plugin/rplugin.vim
102.813  000.107  000.107: sourcing /usr/share/nvim/runtime/plugin/shada.vim
102.856  000.019  000.019: sourcing /usr/share/nvim/runtime/plugin/spellfile.vim
102.996  000.122  000.122: sourcing /usr/share/nvim/runtime/plugin/tarPlugin.vim
103.085  000.070  000.070: sourcing /usr/share/nvim/runtime/plugin/tohtml.vim
103.117  000.015  000.015: sourcing /usr/share/nvim/runtime/plugin/tutor.vim
103.337  000.204  000.204: sourcing /usr/share/nvim/runtime/plugin/zipPlugin.vim
134.966  031.560  031.560: sourcing /home/itscarlosecp/.config/nvim/plugin/packer_compiled.lua
135.195  001.957: loading plugins
135.706  000.255  000.255: sourcing /home/itscarlosecp/.local/share/nvim/site/pack/packer/start/galaxyline.nvim/plugin/galaxyline.vim
136.419  000.590  000.590: sourcing /home/itscarlosecp/.local/share/nvim/site/pack/packer/start/lspsaga.nvim/plugin/lspsaga.vim
136.618  000.040  000.040: sourcing /home/itscarlosecp/.local/share/nvim/site/pack/packer/start/lush.nvim/plugin/lush.vim
136.808  000.079  000.079: sourcing /home/itscarlosecp/.local/share/nvim/site/pack/packer/start/nvim-lspconfig/plugin/lspconfig.vim
136.960  000.045  000.045: sourcing /home/itscarlosecp/.local/share/nvim/site/pack/packer/start/nvim-lspinstall/plugin/lspinstall.vim
137.173  000.108  000.108: sourcing /home/itscarlosecp/.local/share/nvim/site/pack/packer/start/nvim-tree.lua/plugin/tree.vim
138.071  000.763  000.763: sourcing /home/itscarlosecp/.local/share/nvim/site/pack/packer/start/nvim-treesitter/plugin/nvim-treesitter.vim
138.197  000.013  000.013: sourcing /home/itscarlosecp/.local/share/nvim/site/pack/packer/start/nvim-treesitter/ftdetect/gdscript.vim
138.227  000.011  000.011: sourcing /home/itscarlosecp/.local/share/nvim/site/pack/packer/start/nvim-treesitter/ftdetect/gomod.vim
138.308  000.023  000.023: sourcing /home/itscarlosecp/.local/share/nvim/site/pack/packer/start/nvim-treesitter/ftdetect/query.vim
138.424  000.033  000.033: sourcing /home/itscarlosecp/.local/share/nvim/site/pack/packer/start/nvim-web-devicons/plugin/nvim-web-devicons.vim
138.632  000.062  000.062: sourcing /home/itscarlosecp/.local/share/nvim/site/pack/packer/start/plenary.nvim/plugin/plenary.vim
139.208  000.397  000.397: sourcing /home/itscarlosecp/.local/share/nvim/site/pack/packer/start/telescope.nvim/plugin/telescope.vim
139.413  001.801: loading packages
139.618  000.204: loading after plugins
139.629  000.012: inits 3
141.105  001.476: reading ShaDa
141.798  000.137  000.137: sourcing /home/itscarlosecp/.local/share/nvim/site/pack/packer/opt/vim-easy-align/plugin/easy_align.vim
142.092  000.060  000.060: sourcing /home/itscarlosecp/.local/share/nvim/site/pack/packer/opt/nvim-colorizer.lua/plugin/colorizer.vim
146.683  000.529  000.529: sourcing /home/itscarlosecp/.local/share/nvim/site/pack/packer/opt/vim-surround/plugin/surround.vim
146.994  005.162: opening buffers
158.813  011.820: BufEnter autocommands
158.820  000.007: editing files in windows


times in msec
 clock   self+sourced   self:  sourced script
 clock   elapsed:              other lines

000.006  000.006: --- NVIM STARTING ---
000.418  000.411: locale set
000.731  000.313: inits 1
000.749  000.018: window checked
000.753  000.004: parsing arguments
000.844  000.091: expanding arguments
000.895  000.052: inits 2
001.360  000.465: init highlight
001.361  000.001: waiting for UI
003.963  002.602: done waiting for UI
003.993  000.029: initialized screen early for UI
008.303  000.303  000.303: sourcing /usr/share/nvim/runtime/syntax/syncolor.vim
008.584  000.632  000.329: sourcing /usr/share/nvim/runtime/syntax/synload.vim
014.317  000.011  000.011: sourcing /home/itscarlosecp/.local/share/nvim/site/pack/packer/start/nvim-treesitter/ftdetect/gdscript.vim
014.342  000.010  000.010: sourcing /home/itscarlosecp/.local/share/nvim/site/pack/packer/start/nvim-treesitter/ftdetect/gomod.vim
014.370  000.017  000.017: sourcing /home/itscarlosecp/.local/share/nvim/site/pack/packer/start/nvim-treesitter/ftdetect/query.vim
014.794  006.163  006.124: sourcing /usr/share/nvim/runtime/filetype.vim
016.365  001.152  001.152: sourcing /usr/share/nvim/runtime/scripts.vim
016.709  008.815  000.868: sourcing /usr/share/nvim/runtime/syntax/syntax.vim
098.620  005.944  005.944: sourcing /home/itscarlosecp/.local/share/nvim/site/pack/packer/start/tokyonight.nvim/colors/tokyonight.vim
098.652  094.528  079.769: sourcing /home/itscarlosecp/.config/nvim/init.lua
098.668  000.147: sourcing vimrc file(s)
098.761  000.052  000.052: sourcing /usr/share/nvim/runtime/ftplugin.vim
099.054  000.036  000.036: sourcing /usr/share/nvim/runtime/indent.vim
100.663  000.358  000.358: sourcing /usr/share/nvim/runtime/plugin/gzip.vim
100.703  000.014  000.014: sourcing /usr/share/nvim/runtime/plugin/health.vim
100.817  000.100  000.100: sourcing /usr/share/nvim/runtime/plugin/man.vim
101.447  000.275  000.275: sourcing /usr/share/nvim/runtime/pack/dist/opt/matchit/plugin/matchit.vim
101.550  000.716  000.441: sourcing /usr/share/nvim/runtime/plugin/matchit.vim
101.751  000.182  000.182: sourcing /usr/share/nvim/runtime/plugin/matchparen.vim
102.278  000.509  000.509: sourcing /usr/share/nvim/runtime/plugin/netrwPlugin.vim
102.510  000.014  000.014: sourcing /home/itscarlosecp/.local/share/nvim/rplugin.vim
102.519  000.207  000.193: sourcing /usr/share/nvim/runtime/plugin/rplugin.vim
102.673  000.136  000.136: sourcing /usr/share/nvim/runtime/plugin/shada.vim
102.735  000.027  000.027: sourcing /usr/share/nvim/runtime/plugin/spellfile.vim
102.935  000.175  000.175: sourcing /usr/share/nvim/runtime/plugin/tarPlugin.vim
103.062  000.100  000.100: sourcing /usr/share/nvim/runtime/plugin/tohtml.vim
103.108  000.021  000.021: sourcing /usr/share/nvim/runtime/plugin/tutor.vim
103.371  000.241  000.241: sourcing /usr/share/nvim/runtime/plugin/zipPlugin.vim
136.410  032.931  032.931: sourcing /home/itscarlosecp/.config/nvim/plugin/packer_compiled.lua
136.585  002.113: loading plugins
137.051  000.283  000.283: sourcing /home/itscarlosecp/.local/share/nvim/site/pack/packer/start/galaxyline.nvim/plugin/galaxyline.vim
137.537  000.375  000.375: sourcing /home/itscarlosecp/.local/share/nvim/site/pack/packer/start/lspsaga.nvim/plugin/lspsaga.vim
137.691  000.039  000.039: sourcing /home/itscarlosecp/.local/share/nvim/site/pack/packer/start/lush.nvim/plugin/lush.vim
137.870  000.076  000.076: sourcing /home/itscarlosecp/.local/share/nvim/site/pack/packer/start/nvim-lspconfig/plugin/lspconfig.vim
138.016  000.043  000.043: sourcing /home/itscarlosecp/.local/share/nvim/site/pack/packer/start/nvim-lspinstall/plugin/lspinstall.vim
138.217  000.100  000.100: sourcing /home/itscarlosecp/.local/share/nvim/site/pack/packer/start/nvim-tree.lua/plugin/tree.vim
138.958  000.640  000.640: sourcing /home/itscarlosecp/.local/share/nvim/site/pack/packer/start/nvim-treesitter/plugin/nvim-treesitter.vim
139.076  000.011  000.011: sourcing /home/itscarlosecp/.local/share/nvim/site/pack/packer/start/nvim-treesitter/ftdetect/gdscript.vim
139.102  000.009  000.009: sourcing /home/itscarlosecp/.local/share/nvim/site/pack/packer/start/nvim-treesitter/ftdetect/gomod.vim
139.150  000.017  000.017: sourcing /home/itscarlosecp/.local/share/nvim/site/pack/packer/start/nvim-treesitter/ftdetect/query.vim
139.242  000.027  000.027: sourcing /home/itscarlosecp/.local/share/nvim/site/pack/packer/start/nvim-web-devicons/plugin/nvim-web-devicons.vim
139.480  000.035  000.035: sourcing /home/itscarlosecp/.local/share/nvim/site/pack/packer/start/plenary.nvim/plugin/plenary.vim
139.887  000.291  000.291: sourcing /home/itscarlosecp/.local/share/nvim/site/pack/packer/start/telescope.nvim/plugin/telescope.vim
140.039  001.510: loading packages
140.205  000.166: loading after plugins
140.215  000.010: inits 3
141.535  001.321: reading ShaDa
142.089  000.128  000.128: sourcing /home/itscarlosecp/.local/share/nvim/site/pack/packer/opt/vim-easy-align/plugin/easy_align.vim
142.354  000.069  000.069: sourcing /home/itscarlosecp/.local/share/nvim/site/pack/packer/opt/nvim-colorizer.lua/plugin/colorizer.vim
146.704  000.427  000.427: sourcing /home/itscarlosecp/.local/share/nvim/site/pack/packer/opt/vim-surround/plugin/surround.vim
146.938  004.779: opening buffers
159.037  012.098: BufEnter autocommands
159.043  000.006: editing files in windows


times in msec
 clock   self+sourced   self:  sourced script
 clock   elapsed:              other lines

000.011  000.011: --- NVIM STARTING ---
000.695  000.684: locale set
001.167  000.471: inits 1
001.190  000.024: window checked
001.196  000.006: parsing arguments
001.335  000.139: expanding arguments
001.403  000.068: inits 2
002.232  000.829: init highlight
002.236  000.004: waiting for UI
004.034  001.797: done waiting for UI
004.104  000.070: initialized screen early for UI
010.971  000.489  000.489: sourcing /usr/share/nvim/runtime/syntax/syncolor.vim
011.419  001.009  000.520: sourcing /usr/share/nvim/runtime/syntax/synload.vim
020.185  000.015  000.015: sourcing /home/itscarlosecp/.local/share/nvim/site/pack/packer/start/nvim-treesitter/ftdetect/gdscript.vim
020.220  000.014  000.014: sourcing /home/itscarlosecp/.local/share/nvim/site/pack/packer/start/nvim-treesitter/ftdetect/gomod.vim
020.260  000.024  000.024: sourcing /home/itscarlosecp/.local/share/nvim/site/pack/packer/start/nvim-treesitter/ftdetect/query.vim
020.782  009.304  009.251: sourcing /usr/share/nvim/runtime/filetype.vim
022.169  000.633  000.633: sourcing /usr/share/nvim/runtime/scripts.vim
022.449  012.125  001.180: sourcing /usr/share/nvim/runtime/syntax/syntax.vim
104.750  007.913  007.913: sourcing /home/itscarlosecp/.local/share/nvim/site/pack/packer/start/tokyonight.nvim/colors/tokyonight.vim
104.814  100.551  080.512: sourcing /home/itscarlosecp/.config/nvim/init.lua
104.836  000.181: sourcing vimrc file(s)
104.947  000.060  000.060: sourcing /usr/share/nvim/runtime/ftplugin.vim
105.296  000.038  000.038: sourcing /usr/share/nvim/runtime/indent.vim
107.098  000.389  000.389: sourcing /usr/share/nvim/runtime/plugin/gzip.vim
107.131  000.013  000.013: sourcing /usr/share/nvim/runtime/plugin/health.vim
107.243  000.098  000.098: sourcing /usr/share/nvim/runtime/plugin/man.vim
107.892  000.236  000.236: sourcing /usr/share/nvim/runtime/pack/dist/opt/matchit/plugin/matchit.vim
107.986  000.724  000.488: sourcing /usr/share/nvim/runtime/plugin/matchit.vim
108.171  000.168  000.168: sourcing /usr/share/nvim/runtime/plugin/matchparen.vim
108.624  000.439  000.439: sourcing /usr/share/nvim/runtime/plugin/netrwPlugin.vim
108.789  000.009  000.009: sourcing /home/itscarlosecp/.local/share/nvim/rplugin.vim
108.816  000.164  000.155: sourcing /usr/share/nvim/runtime/plugin/rplugin.vim
108.975  000.140  000.140: sourcing /usr/share/nvim/runtime/plugin/shada.vim
109.055  000.043  000.043: sourcing /usr/share/nvim/runtime/plugin/spellfile.vim
109.239  000.163  000.163: sourcing /usr/share/nvim/runtime/plugin/tarPlugin.vim
109.350  000.082  000.082: sourcing /usr/share/nvim/runtime/plugin/tohtml.vim
109.408  000.037  000.037: sourcing /usr/share/nvim/runtime/plugin/tutor.vim
109.641  000.205  000.205: sourcing /usr/share/nvim/runtime/plugin/zipPlugin.vim
141.274  031.556  031.556: sourcing /home/itscarlosecp/.config/nvim/plugin/packer_compiled.lua
141.497  002.343: loading plugins
141.875  000.210  000.210: sourcing /home/itscarlosecp/.local/share/nvim/site/pack/packer/start/galaxyline.nvim/plugin/galaxyline.vim
142.325  000.352  000.352: sourcing /home/itscarlosecp/.local/share/nvim/site/pack/packer/start/lspsaga.nvim/plugin/lspsaga.vim
142.505  000.036  000.036: sourcing /home/itscarlosecp/.local/share/nvim/site/pack/packer/start/lush.nvim/plugin/lush.vim
142.717  000.079  000.079: sourcing /home/itscarlosecp/.local/share/nvim/site/pack/packer/start/nvim-lspconfig/plugin/lspconfig.vim
142.863  000.040  000.040: sourcing /home/itscarlosecp/.local/share/nvim/site/pack/packer/start/nvim-lspinstall/plugin/lspinstall.vim
143.047  000.094  000.094: sourcing /home/itscarlosecp/.local/share/nvim/site/pack/packer/start/nvim-tree.lua/plugin/tree.vim
143.846  000.708  000.708: sourcing /home/itscarlosecp/.local/share/nvim/site/pack/packer/start/nvim-treesitter/plugin/nvim-treesitter.vim
143.969  000.012  000.012: sourcing /home/itscarlosecp/.local/share/nvim/site/pack/packer/start/nvim-treesitter/ftdetect/gdscript.vim
143.995  000.009  000.009: sourcing /home/itscarlosecp/.local/share/nvim/site/pack/packer/start/nvim-treesitter/ftdetect/gomod.vim
144.044  000.017  000.017: sourcing /home/itscarlosecp/.local/share/nvim/site/pack/packer/start/nvim-treesitter/ftdetect/query.vim
144.141  000.032  000.032: sourcing /home/itscarlosecp/.local/share/nvim/site/pack/packer/start/nvim-web-devicons/plugin/nvim-web-devicons.vim
144.305  000.034  000.034: sourcing /home/itscarlosecp/.local/share/nvim/site/pack/packer/start/plenary.nvim/plugin/plenary.vim
144.760  000.316  000.316: sourcing /home/itscarlosecp/.local/share/nvim/site/pack/packer/start/telescope.nvim/plugin/telescope.vim
144.912  001.476: loading packages
145.099  000.187: loading after plugins
145.111  000.011: inits 3
146.327  001.217: reading ShaDa
146.888  000.125  000.125: sourcing /home/itscarlosecp/.local/share/nvim/site/pack/packer/opt/vim-easy-align/plugin/easy_align.vim
147.133  000.033  000.033: sourcing /home/itscarlosecp/.local/share/nvim/site/pack/packer/opt/nvim-colorizer.lua/plugin/colorizer.vim
150.922  000.352  000.352: sourcing /home/itscarlosecp/.local/share/nvim/site/pack/packer/opt/vim-surround/plugin/surround.vim
151.155  004.318: opening buffers
160.008  008.852: BufEnter autocommands
160.011  000.004: editing files in windows
